#
# There is insufficient memory for the Java Runtime Environment to continue.
# Native memory allocation (malloc) failed to allocate 3728656 bytes for Chunk::new
# Possible reasons:
#   The system is out of physical RAM or swap space
#   The process is running with CompressedOops enabled, and the Java Heap may be blocking the growth of the native heap
# Possible solutions:
#   Reduce memory load on the system
#   Increase physical memory or swap space
#   Check if swap backing store is full
#   Decrease Java heap size (-Xmx/-Xms)
#   Decrease number of Java threads
#   Decrease Java thread stack sizes (-Xss)
#   Set larger code cache with -XX:ReservedCodeCacheSize=
#   JVM is running with Unscaled Compressed Oops mode in which the Java heap is
#     placed in the first 4GB address space. The Java Heap base address is the
#     maximum limit for the native heap growth. Please use -XX:HeapBaseMinAddress
#     to set the Java Heap base and to place the Java Heap above 4GB virtual address.
# This output file may be truncated or incomplete.
#
#  Out of Memory Error (arena.cpp:189), pid=11668, tid=10144
#
# JRE version: Java(TM) SE Runtime Environment (17.0.2+8) (build 17.0.2+8-LTS-86)
# Java VM: Java HotSpot(TM) 64-Bit Server VM (17.0.2+8-LTS-86, mixed mode, sharing, tiered, compressed oops, compressed class ptrs, g1 gc, windows-amd64)
# No core dump will be written. Minidumps are not enabled by default on client versions of Windows
#

---------------  S U M M A R Y ------------

Command Line: -agentlib:jdwp=transport=dt_socket,server=n,suspend=y,address=localhost:62363 --enable-preview -XX:+ShowCodeDetailsInExceptionMessages com.margozzi.ancestry.Utility

Host: Intel(R) Core(TM) i7-4770 CPU @ 3.40GHz, 8 cores, 7G,  Windows 10 , 64 bit Build 19041 (10.0.19041.1503)
Time: Mon Mar  7 14:46:05 2022 Pacific Standard Time elapsed time: 33.582815 seconds (0d 0h 0m 33s)

---------------  T H R E A D  ---------------

Current thread (0x0000027091009520):  JavaThread "C2 CompilerThread1" daemon [_thread_in_native, id=10144, stack(0x000000a5b5600000,0x000000a5b5700000)]


Current CompileTask:
C2:  33582 4187       4       java.awt.GridBagLayout::ArrangeGrid (1017 bytes)

Stack: [0x000000a5b5600000,0x000000a5b5700000]
Native frames: (J=compiled Java code, j=interpreted, Vv=VM code, C=native code)
V  [jvm.dll+0x670baa]
V  [jvm.dll+0x7cfcb4]
V  [jvm.dll+0x7d145e]
V  [jvm.dll+0x7d1ac3]
V  [jvm.dll+0x242bc5]
V  [jvm.dll+0xaa57b]
V  [jvm.dll+0xaab0c]
V  [jvm.dll+0x35fcb2]
V  [jvm.dll+0x1b9b68]
V  [jvm.dll+0x215de9]
V  [jvm.dll+0x2150b1]
V  [jvm.dll+0x1a1bbd]
V  [jvm.dll+0x224908]
V  [jvm.dll+0x222a6c]
V  [jvm.dll+0x7859bb]
V  [jvm.dll+0x77ff7a]
V  [jvm.dll+0x66fa35]
C  [ucrtbase.dll+0x21bb2]
C  [KERNEL32.DLL+0x17034]
C  [ntdll.dll+0x52651]


---------------  P R O C E S S  ---------------

Threads class SMR info:
_java_thread_list=0x00000270f9f39fc0, length=23, elements={
0x00000270f92ea230, 0x00000270f92ec0b0, 0x00000270f92ff740, 0x00000270f9302100,
0x00000270f9302ab0, 0x00000270f9303460, 0x00000270f93076f0, 0x00000270f93115b0,
0x00000270f9325690, 0x00000270f9dee430, 0x00000270f9df2ce0, 0x00000270f9df51e0,
0x00000270f9dfbd10, 0x00000270f9e00010, 0x00000270fa0422c0, 0x00000270fa042b20,
0x00000270fa0433f0, 0x00000270fa06c3b0, 0x00000270e823f980, 0x00000270fa9ae320,
0x00000270fa9af660, 0x00000270fa9ae7f0, 0x0000027091009520
}

Java Threads: ( => current thread )
  0x00000270f92ea230 JavaThread "Reference Handler" daemon [_thread_blocked, id=21976, stack(0x000000a5b4300000,0x000000a5b4400000)]
  0x00000270f92ec0b0 JavaThread "Finalizer" daemon [_thread_blocked, id=20592, stack(0x000000a5b4400000,0x000000a5b4500000)]
  0x00000270f92ff740 JavaThread "Signal Dispatcher" daemon [_thread_blocked, id=22844, stack(0x000000a5b4500000,0x000000a5b4600000)]
  0x00000270f9302100 JavaThread "Attach Listener" daemon [_thread_blocked, id=12104, stack(0x000000a5b4600000,0x000000a5b4700000)]
  0x00000270f9302ab0 JavaThread "Service Thread" daemon [_thread_blocked, id=3812, stack(0x000000a5b4700000,0x000000a5b4800000)]
  0x00000270f9303460 JavaThread "Monitor Deflation Thread" daemon [_thread_blocked, id=17692, stack(0x000000a5b4800000,0x000000a5b4900000)]
  0x00000270f93076f0 JavaThread "C2 CompilerThread0" daemon [_thread_in_native, id=15296, stack(0x000000a5b4900000,0x000000a5b4a00000)]
  0x00000270f93115b0 JavaThread "C1 CompilerThread0" daemon [_thread_blocked, id=22764, stack(0x000000a5b4a00000,0x000000a5b4b00000)]
  0x00000270f9325690 JavaThread "Sweeper thread" daemon [_thread_blocked, id=13628, stack(0x000000a5b4b00000,0x000000a5b4c00000)]
  0x00000270f9dee430 JavaThread "JDWP Transport Listener: dt_socket" daemon [_thread_blocked, id=3736, stack(0x000000a5b4c00000,0x000000a5b4d00000)]
  0x00000270f9df2ce0 JavaThread "JDWP Event Helper Thread" daemon [_thread_blocked, id=19264, stack(0x000000a5b4d00000,0x000000a5b4e00000)]
  0x00000270f9df51e0 JavaThread "JDWP Command Reader" daemon [_thread_in_native, id=20520, stack(0x000000a5b4e00000,0x000000a5b4f00000)]
  0x00000270f9dfbd10 JavaThread "Notification Thread" daemon [_thread_blocked, id=10252, stack(0x000000a5b4f00000,0x000000a5b5000000)]
  0x00000270f9e00010 JavaThread "Common-Cleaner" daemon [_thread_blocked, id=21160, stack(0x000000a5b5100000,0x000000a5b5200000)]
  0x00000270fa0422c0 JavaThread "Java2D Disposer" daemon [_thread_blocked, id=14712, stack(0x000000a5b5200000,0x000000a5b5300000)]
  0x00000270fa042b20 JavaThread "AWT-Shutdown" [_thread_blocked, id=22908, stack(0x000000a5b5300000,0x000000a5b5400000)]
  0x00000270fa0433f0 JavaThread "AWT-Windows" daemon [_thread_in_native, id=5384, stack(0x000000a5b5400000,0x000000a5b5500000)]
  0x00000270fa06c3b0 JavaThread "AWT-EventQueue-0" [_thread_blocked, id=22584, stack(0x000000a5b5500000,0x000000a5b5600000)]
  0x00000270e823f980 JavaThread "DestroyJavaVM" [_thread_blocked, id=12368, stack(0x000000a5b3c00000,0x000000a5b3d00000)]
  0x00000270fa9ae320 JavaThread "D3D Screen Updater" daemon [_thread_blocked, id=8312, stack(0x000000a5b5900000,0x000000a5b5a00000)]
  0x00000270fa9af660 JavaThread "Swing-Shell" daemon [_thread_blocked, id=21932, stack(0x000000a5b5a00000,0x000000a5b5b00000)]
  0x00000270fa9ae7f0 JavaThread "TimerQueue" daemon [_thread_blocked, id=21356, stack(0x000000a5b5f00000,0x000000a5b6000000)]
=>0x0000027091009520 JavaThread "C2 CompilerThread1" daemon [_thread_in_native, id=10144, stack(0x000000a5b5600000,0x000000a5b5700000)]

Other Threads:
  0x00000270f92e6640 VMThread "VM Thread" [stack: 0x000000a5b4200000,0x000000a5b4300000] [id=15044]
  0x00000270e829c050 WatcherThread [stack: 0x000000a5b5000000,0x000000a5b5100000] [id=3400]
  0x00000270e827da20 GCTaskThread "GC Thread#0" [stack: 0x000000a5b3d00000,0x000000a5b3e00000] [id=5576]
  0x00000270913103b0 GCTaskThread "GC Thread#1" [stack: 0x000000a5b6100000,0x000000a5b6200000] [id=16620]
  0x000002709130f390 GCTaskThread "GC Thread#2" [stack: 0x000000a5b6200000,0x000000a5b6300000] [id=7408]
  0x000002709130ee30 GCTaskThread "GC Thread#3" [stack: 0x000000a5b6300000,0x000000a5b6400000] [id=17324]
  0x0000027091310100 GCTaskThread "GC Thread#4" [stack: 0x000000a5b6400000,0x000000a5b6500000] [id=18592]
  0x0000027091310660 GCTaskThread "GC Thread#5" [stack: 0x000000a5b6500000,0x000000a5b6600000] [id=5116]
  0x000002709130eb80 GCTaskThread "GC Thread#6" [stack: 0x000000a5b6600000,0x000000a5b6700000] [id=20388]
  0x0000027091942860 GCTaskThread "GC Thread#7" [stack: 0x000000a5b6700000,0x000000a5b6800000] [id=10880]
  0x00000270e828f6f0 ConcurrentGCThread "G1 Main Marker" [stack: 0x000000a5b3e00000,0x000000a5b3f00000] [id=20168]
  0x00000270e82908a0 ConcurrentGCThread "G1 Conc#0" [stack: 0x000000a5b3f00000,0x000000a5b4000000] [id=11060]
  0x00000270e8319cc0 ConcurrentGCThread "G1 Refine#0" [stack: 0x000000a5b4000000,0x000000a5b4100000] [id=18728]
  0x00000270e831a6e0 ConcurrentGCThread "G1 Service" [stack: 0x000000a5b4100000,0x000000a5b4200000] [id=12296]

Threads with active compile tasks:
C2 CompilerThread0    33632 4215   !   4       java.awt.Component::reshape (312 bytes)
C2 CompilerThread1    33632 4187       4       java.awt.GridBagLayout::ArrangeGrid (1017 bytes)

VM state: not at safepoint (normal execution)

VM Mutex/Monitor currently owned by a thread: None

Heap address: 0x0000000081400000, size: 2028 MB, Compressed Oops mode: 32-bit

CDS archive(s) mapped at: [0x0000000800000000-0x0000000800bc0000-0x0000000800bc0000), size 12320768, SharedBaseAddress: 0x0000000800000000, ArchiveRelocationMode: 0.
Compressed class space mapped at: 0x0000000800c00000-0x0000000840c00000, reserved size: 1073741824
Narrow klass base: 0x0000000800000000, Narrow klass shift: 0, Narrow klass range: 0x100000000

GC Precious Log:
 CPUs: 8 total, 8 available
 Memory: 8108M
 Large Page Support: Disabled
 NUMA Support: Disabled
 Compressed Oops: Enabled (32-bit)
 Heap Region Size: 1M
 Heap Min Capacity: 8M
 Heap Initial Capacity: 128M
 Heap Max Capacity: 2028M
 Pre-touch: Disabled
 Parallel Workers: 8
 Concurrent Workers: 2
 Concurrent Refinement Workers: 8
 Periodic GC: Disabled

Heap:
 garbage-first heap   total 236544K, used 137593K [0x0000000081400000, 0x0000000100000000)
  region size 1024K, 126 young (129024K), 1 survivors (1024K)
 Metaspace       used 14338K, committed 14528K, reserved 1064960K
  class space    used 1568K, committed 1664K, reserved 1048576K

Heap Regions: E=young(eden), S=young(survivor), O=old, HS=humongous(starts), HC=humongous(continues), CS=collection set, F=free, OA=open archive, CA=closed archive, TAMS=top-at-mark-start (previous, next)
|   0|0x0000000081400000, 0x0000000081500000, 0x0000000081500000|100%| O|  |TAMS 0x0000000081400000, 0x0000000081400000| Untracked 
|   1|0x0000000081500000, 0x0000000081600000, 0x0000000081600000|100%| O|  |TAMS 0x0000000081500000, 0x0000000081500000| Untracked 
|   2|0x0000000081600000, 0x0000000081700000, 0x0000000081700000|100%| O|  |TAMS 0x0000000081600000, 0x0000000081600000| Untracked 
|   3|0x0000000081700000, 0x0000000081800000, 0x0000000081800000|100%| O|  |TAMS 0x0000000081700000, 0x0000000081700000| Untracked 
|   4|0x0000000081800000, 0x0000000081900000, 0x0000000081900000|100%| O|  |TAMS 0x0000000081800000, 0x0000000081800000| Untracked 
|   5|0x0000000081900000, 0x0000000081a00000, 0x0000000081a00000|100%| O|  |TAMS 0x0000000081900000, 0x0000000081900000| Untracked 
|   6|0x0000000081a00000, 0x0000000081b00000, 0x0000000081b00000|100%| O|  |TAMS 0x0000000081a00000, 0x0000000081a00000| Untracked 
|   7|0x0000000081b00000, 0x0000000081c00000, 0x0000000081c00000|100%| O|  |TAMS 0x0000000081b00000, 0x0000000081b00000| Untracked 
|   8|0x0000000081c00000, 0x0000000081d00000, 0x0000000081d00000|100%| O|  |TAMS 0x0000000081c00000, 0x0000000081c00000| Untracked 
|   9|0x0000000081d00000, 0x0000000081dc2e00, 0x0000000081e00000| 76%| O|  |TAMS 0x0000000081d00000, 0x0000000081d00000| Untracked 
|  10|0x0000000081e00000, 0x0000000081e00000, 0x0000000081f00000|  0%| F|  |TAMS 0x0000000081e00000, 0x0000000081e00000| Untracked 
|  11|0x0000000081f00000, 0x0000000081f00000, 0x0000000082000000|  0%| F|  |TAMS 0x0000000081f00000, 0x0000000081f00000| Untracked 
|  12|0x0000000082000000, 0x0000000082000000, 0x0000000082100000|  0%| F|  |TAMS 0x0000000082000000, 0x0000000082000000| Untracked 
|  13|0x0000000082100000, 0x0000000082100000, 0x0000000082200000|  0%| F|  |TAMS 0x0000000082100000, 0x0000000082100000| Untracked 
|  14|0x0000000082200000, 0x0000000082200000, 0x0000000082300000|  0%| F|  |TAMS 0x0000000082200000, 0x0000000082200000| Untracked 
|  15|0x0000000082300000, 0x0000000082300000, 0x0000000082400000|  0%| F|  |TAMS 0x0000000082300000, 0x0000000082300000| Untracked 
|  16|0x0000000082400000, 0x0000000082400000, 0x0000000082500000|  0%| F|  |TAMS 0x0000000082400000, 0x0000000082400000| Untracked 
|  17|0x0000000082500000, 0x0000000082500000, 0x0000000082600000|  0%| F|  |TAMS 0x0000000082500000, 0x0000000082500000| Untracked 
|  18|0x0000000082600000, 0x0000000082600000, 0x0000000082700000|  0%| F|  |TAMS 0x0000000082600000, 0x0000000082600000| Untracked 
|  19|0x0000000082700000, 0x0000000082700000, 0x0000000082800000|  0%| F|  |TAMS 0x0000000082700000, 0x0000000082700000| Untracked 
|  20|0x0000000082800000, 0x0000000082800000, 0x0000000082900000|  0%| F|  |TAMS 0x0000000082800000, 0x0000000082800000| Untracked 
|  21|0x0000000082900000, 0x0000000082900000, 0x0000000082a00000|  0%| F|  |TAMS 0x0000000082900000, 0x0000000082900000| Untracked 
|  22|0x0000000082a00000, 0x0000000082a00000, 0x0000000082b00000|  0%| F|  |TAMS 0x0000000082a00000, 0x0000000082a00000| Untracked 
|  23|0x0000000082b00000, 0x0000000082b00000, 0x0000000082c00000|  0%| F|  |TAMS 0x0000000082b00000, 0x0000000082b00000| Untracked 
|  24|0x0000000082c00000, 0x0000000082c00000, 0x0000000082d00000|  0%| F|  |TAMS 0x0000000082c00000, 0x0000000082c00000| Untracked 
|  25|0x0000000082d00000, 0x0000000082d00000, 0x0000000082e00000|  0%| F|  |TAMS 0x0000000082d00000, 0x0000000082d00000| Untracked 
|  26|0x0000000082e00000, 0x0000000082e00000, 0x0000000082f00000|  0%| F|  |TAMS 0x0000000082e00000, 0x0000000082e00000| Untracked 
|  27|0x0000000082f00000, 0x0000000082f00000, 0x0000000083000000|  0%| F|  |TAMS 0x0000000082f00000, 0x0000000082f00000| Untracked 
|  28|0x0000000083000000, 0x0000000083000000, 0x0000000083100000|  0%| F|  |TAMS 0x0000000083000000, 0x0000000083000000| Untracked 
|  29|0x0000000083100000, 0x0000000083100000, 0x0000000083200000|  0%| F|  |TAMS 0x0000000083100000, 0x0000000083100000| Untracked 
|  30|0x0000000083200000, 0x0000000083200000, 0x0000000083300000|  0%| F|  |TAMS 0x0000000083200000, 0x0000000083200000| Untracked 
|  31|0x0000000083300000, 0x0000000083300000, 0x0000000083400000|  0%| F|  |TAMS 0x0000000083300000, 0x0000000083300000| Untracked 
|  32|0x0000000083400000, 0x0000000083400000, 0x0000000083500000|  0%| F|  |TAMS 0x0000000083400000, 0x0000000083400000| Untracked 
|  33|0x0000000083500000, 0x0000000083500000, 0x0000000083600000|  0%| F|  |TAMS 0x0000000083500000, 0x0000000083500000| Untracked 
|  34|0x0000000083600000, 0x0000000083600000, 0x0000000083700000|  0%| F|  |TAMS 0x0000000083600000, 0x0000000083600000| Untracked 
|  35|0x0000000083700000, 0x0000000083700000, 0x0000000083800000|  0%| F|  |TAMS 0x0000000083700000, 0x0000000083700000| Untracked 
|  36|0x0000000083800000, 0x0000000083800000, 0x0000000083900000|  0%| F|  |TAMS 0x0000000083800000, 0x0000000083800000| Untracked 
|  37|0x0000000083900000, 0x0000000083900000, 0x0000000083a00000|  0%| F|  |TAMS 0x0000000083900000, 0x0000000083900000| Untracked 
|  38|0x0000000083a00000, 0x0000000083a00000, 0x0000000083b00000|  0%| F|  |TAMS 0x0000000083a00000, 0x0000000083a00000| Untracked 
|  39|0x0000000083b00000, 0x0000000083b00000, 0x0000000083c00000|  0%| F|  |TAMS 0x0000000083b00000, 0x0000000083b00000| Untracked 
|  40|0x0000000083c00000, 0x0000000083c00000, 0x0000000083d00000|  0%| F|  |TAMS 0x0000000083c00000, 0x0000000083c00000| Untracked 
|  41|0x0000000083d00000, 0x0000000083d00000, 0x0000000083e00000|  0%| F|  |TAMS 0x0000000083d00000, 0x0000000083d00000| Untracked 
|  42|0x0000000083e00000, 0x0000000083e00000, 0x0000000083f00000|  0%| F|  |TAMS 0x0000000083e00000, 0x0000000083e00000| Untracked 
|  43|0x0000000083f00000, 0x0000000083f00000, 0x0000000084000000|  0%| F|  |TAMS 0x0000000083f00000, 0x0000000083f00000| Untracked 
|  44|0x0000000084000000, 0x0000000084000000, 0x0000000084100000|  0%| F|  |TAMS 0x0000000084000000, 0x0000000084000000| Untracked 
|  45|0x0000000084100000, 0x0000000084100000, 0x0000000084200000|  0%| F|  |TAMS 0x0000000084100000, 0x0000000084100000| Untracked 
|  46|0x0000000084200000, 0x0000000084200000, 0x0000000084300000|  0%| F|  |TAMS 0x0000000084200000, 0x0000000084200000| Untracked 
|  47|0x0000000084300000, 0x0000000084300000, 0x0000000084400000|  0%| F|  |TAMS 0x0000000084300000, 0x0000000084300000| Untracked 
|  48|0x0000000084400000, 0x0000000084400000, 0x0000000084500000|  0%| F|  |TAMS 0x0000000084400000, 0x0000000084400000| Untracked 
|  49|0x0000000084500000, 0x0000000084500000, 0x0000000084600000|  0%| F|  |TAMS 0x0000000084500000, 0x0000000084500000| Untracked 
|  50|0x0000000084600000, 0x0000000084600000, 0x0000000084700000|  0%| F|  |TAMS 0x0000000084600000, 0x0000000084600000| Untracked 
|  51|0x0000000084700000, 0x0000000084700000, 0x0000000084800000|  0%| F|  |TAMS 0x0000000084700000, 0x0000000084700000| Untracked 
|  52|0x0000000084800000, 0x0000000084800000, 0x0000000084900000|  0%| F|  |TAMS 0x0000000084800000, 0x0000000084800000| Untracked 
|  53|0x0000000084900000, 0x0000000084900000, 0x0000000084a00000|  0%| F|  |TAMS 0x0000000084900000, 0x0000000084900000| Untracked 
|  54|0x0000000084a00000, 0x0000000084a00000, 0x0000000084b00000|  0%| F|  |TAMS 0x0000000084a00000, 0x0000000084a00000| Untracked 
|  55|0x0000000084b00000, 0x0000000084b00000, 0x0000000084c00000|  0%| F|  |TAMS 0x0000000084b00000, 0x0000000084b00000| Untracked 
|  56|0x0000000084c00000, 0x0000000084c00000, 0x0000000084d00000|  0%| F|  |TAMS 0x0000000084c00000, 0x0000000084c00000| Untracked 
|  57|0x0000000084d00000, 0x0000000084d00000, 0x0000000084e00000|  0%| F|  |TAMS 0x0000000084d00000, 0x0000000084d00000| Untracked 
|  58|0x0000000084e00000, 0x0000000084e00000, 0x0000000084f00000|  0%| F|  |TAMS 0x0000000084e00000, 0x0000000084e00000| Untracked 
|  59|0x0000000084f00000, 0x0000000084f00000, 0x0000000085000000|  0%| F|  |TAMS 0x0000000084f00000, 0x0000000084f00000| Untracked 
|  60|0x0000000085000000, 0x0000000085000000, 0x0000000085100000|  0%| F|  |TAMS 0x0000000085000000, 0x0000000085000000| Untracked 
|  61|0x0000000085100000, 0x0000000085100000, 0x0000000085200000|  0%| F|  |TAMS 0x0000000085100000, 0x0000000085100000| Untracked 
|  62|0x0000000085200000, 0x0000000085200000, 0x0000000085300000|  0%| F|  |TAMS 0x0000000085200000, 0x0000000085200000| Untracked 
|  63|0x0000000085300000, 0x0000000085300000, 0x0000000085400000|  0%| F|  |TAMS 0x0000000085300000, 0x0000000085300000| Untracked 
|  64|0x0000000085400000, 0x0000000085400000, 0x0000000085500000|  0%| F|  |TAMS 0x0000000085400000, 0x0000000085400000| Untracked 
|  65|0x0000000085500000, 0x0000000085500000, 0x0000000085600000|  0%| F|  |TAMS 0x0000000085500000, 0x0000000085500000| Untracked 
|  66|0x0000000085600000, 0x0000000085600000, 0x0000000085700000|  0%| F|  |TAMS 0x0000000085600000, 0x0000000085600000| Untracked 
|  67|0x0000000085700000, 0x0000000085700000, 0x0000000085800000|  0%| F|  |TAMS 0x0000000085700000, 0x0000000085700000| Untracked 
|  68|0x0000000085800000, 0x0000000085800000, 0x0000000085900000|  0%| F|  |TAMS 0x0000000085800000, 0x0000000085800000| Untracked 
|  69|0x0000000085900000, 0x0000000085900000, 0x0000000085a00000|  0%| F|  |TAMS 0x0000000085900000, 0x0000000085900000| Untracked 
|  70|0x0000000085a00000, 0x0000000085a00000, 0x0000000085b00000|  0%| F|  |TAMS 0x0000000085a00000, 0x0000000085a00000| Untracked 
|  71|0x0000000085b00000, 0x0000000085b00000, 0x0000000085c00000|  0%| F|  |TAMS 0x0000000085b00000, 0x0000000085b00000| Untracked 
|  72|0x0000000085c00000, 0x0000000085c00000, 0x0000000085d00000|  0%| F|  |TAMS 0x0000000085c00000, 0x0000000085c00000| Untracked 
|  73|0x0000000085d00000, 0x0000000085d00000, 0x0000000085e00000|  0%| F|  |TAMS 0x0000000085d00000, 0x0000000085d00000| Untracked 
|  74|0x0000000085e00000, 0x0000000085e00000, 0x0000000085f00000|  0%| F|  |TAMS 0x0000000085e00000, 0x0000000085e00000| Untracked 
|  75|0x0000000085f00000, 0x0000000085f00000, 0x0000000086000000|  0%| F|  |TAMS 0x0000000085f00000, 0x0000000085f00000| Untracked 
|  76|0x0000000086000000, 0x0000000086000000, 0x0000000086100000|  0%| F|  |TAMS 0x0000000086000000, 0x0000000086000000| Untracked 
|  77|0x0000000086100000, 0x0000000086100000, 0x0000000086200000|  0%| F|  |TAMS 0x0000000086100000, 0x0000000086100000| Untracked 
|  78|0x0000000086200000, 0x0000000086200000, 0x0000000086300000|  0%| F|  |TAMS 0x0000000086200000, 0x0000000086200000| Untracked 
|  79|0x0000000086300000, 0x0000000086300000, 0x0000000086400000|  0%| F|  |TAMS 0x0000000086300000, 0x0000000086300000| Untracked 
|  80|0x0000000086400000, 0x0000000086400000, 0x0000000086500000|  0%| F|  |TAMS 0x0000000086400000, 0x0000000086400000| Untracked 
|  81|0x0000000086500000, 0x0000000086500000, 0x0000000086600000|  0%| F|  |TAMS 0x0000000086500000, 0x0000000086500000| Untracked 
|  82|0x0000000086600000, 0x0000000086600000, 0x0000000086700000|  0%| F|  |TAMS 0x0000000086600000, 0x0000000086600000| Untracked 
|  83|0x0000000086700000, 0x0000000086700000, 0x0000000086800000|  0%| F|  |TAMS 0x0000000086700000, 0x0000000086700000| Untracked 
|  84|0x0000000086800000, 0x0000000086800000, 0x0000000086900000|  0%| F|  |TAMS 0x0000000086800000, 0x0000000086800000| Untracked 
|  85|0x0000000086900000, 0x0000000086900000, 0x0000000086a00000|  0%| F|  |TAMS 0x0000000086900000, 0x0000000086900000| Untracked 
|  86|0x0000000086a00000, 0x0000000086a00000, 0x0000000086b00000|  0%| F|  |TAMS 0x0000000086a00000, 0x0000000086a00000| Untracked 
|  87|0x0000000086b00000, 0x0000000086b00000, 0x0000000086c00000|  0%| F|  |TAMS 0x0000000086b00000, 0x0000000086b00000| Untracked 
|  88|0x0000000086c00000, 0x0000000086c00000, 0x0000000086d00000|  0%| F|  |TAMS 0x0000000086c00000, 0x0000000086c00000| Untracked 
|  89|0x0000000086d00000, 0x0000000086d00000, 0x0000000086e00000|  0%| F|  |TAMS 0x0000000086d00000, 0x0000000086d00000| Untracked 
|  90|0x0000000086e00000, 0x0000000086e00000, 0x0000000086f00000|  0%| F|  |TAMS 0x0000000086e00000, 0x0000000086e00000| Untracked 
|  91|0x0000000086f00000, 0x0000000086f00000, 0x0000000087000000|  0%| F|  |TAMS 0x0000000086f00000, 0x0000000086f00000| Untracked 
|  92|0x0000000087000000, 0x0000000087000000, 0x0000000087100000|  0%| F|  |TAMS 0x0000000087000000, 0x0000000087000000| Untracked 
|  93|0x0000000087100000, 0x000000008719b6e8, 0x0000000087200000| 60%| S|CS|TAMS 0x0000000087100000, 0x0000000087100000| Complete 
|  94|0x0000000087200000, 0x0000000087200000, 0x0000000087300000|  0%| F|  |TAMS 0x0000000087200000, 0x0000000087200000| Untracked 
|  95|0x0000000087300000, 0x0000000087300000, 0x0000000087400000|  0%| F|  |TAMS 0x0000000087300000, 0x0000000087300000| Untracked 
|  96|0x0000000087400000, 0x0000000087400000, 0x0000000087500000|  0%| F|  |TAMS 0x0000000087400000, 0x0000000087400000| Untracked 
|  97|0x0000000087500000, 0x0000000087500000, 0x0000000087600000|  0%| F|  |TAMS 0x0000000087500000, 0x0000000087500000| Untracked 
|  98|0x0000000087600000, 0x0000000087600000, 0x0000000087700000|  0%| F|  |TAMS 0x0000000087600000, 0x0000000087600000| Untracked 
|  99|0x0000000087700000, 0x0000000087700000, 0x0000000087800000|  0%| F|  |TAMS 0x0000000087700000, 0x0000000087700000| Untracked 
| 100|0x0000000087800000, 0x0000000087800000, 0x0000000087900000|  0%| F|  |TAMS 0x0000000087800000, 0x0000000087800000| Untracked 
| 101|0x0000000087900000, 0x0000000087900000, 0x0000000087a00000|  0%| F|  |TAMS 0x0000000087900000, 0x0000000087900000| Untracked 
| 102|0x0000000087a00000, 0x0000000087a00000, 0x0000000087b00000|  0%| F|  |TAMS 0x0000000087a00000, 0x0000000087a00000| Untracked 
| 103|0x0000000087b00000, 0x0000000087b00000, 0x0000000087c00000|  0%| F|  |TAMS 0x0000000087b00000, 0x0000000087b00000| Untracked 
| 104|0x0000000087c00000, 0x0000000087c00000, 0x0000000087d00000|  0%| F|  |TAMS 0x0000000087c00000, 0x0000000087c00000| Untracked 
| 105|0x0000000087d00000, 0x0000000087d00000, 0x0000000087e00000|  0%| F|  |TAMS 0x0000000087d00000, 0x0000000087d00000| Untracked 
| 106|0x0000000087e00000, 0x0000000087e80800, 0x0000000087f00000| 50%| E|  |TAMS 0x0000000087e00000, 0x0000000087e00000| Complete 
| 107|0x0000000087f00000, 0x0000000088000000, 0x0000000088000000|100%| E|CS|TAMS 0x0000000087f00000, 0x0000000087f00000| Complete 
| 108|0x0000000088000000, 0x0000000088100000, 0x0000000088100000|100%| E|CS|TAMS 0x0000000088000000, 0x0000000088000000| Complete 
| 109|0x0000000088100000, 0x0000000088200000, 0x0000000088200000|100%| E|CS|TAMS 0x0000000088100000, 0x0000000088100000| Complete 
| 110|0x0000000088200000, 0x0000000088300000, 0x0000000088300000|100%| E|CS|TAMS 0x0000000088200000, 0x0000000088200000| Complete 
| 111|0x0000000088300000, 0x0000000088400000, 0x0000000088400000|100%| E|CS|TAMS 0x0000000088300000, 0x0000000088300000| Complete 
| 112|0x0000000088400000, 0x0000000088500000, 0x0000000088500000|100%| E|CS|TAMS 0x0000000088400000, 0x0000000088400000| Complete 
| 113|0x0000000088500000, 0x0000000088600000, 0x0000000088600000|100%| E|CS|TAMS 0x0000000088500000, 0x0000000088500000| Complete 
| 114|0x0000000088600000, 0x0000000088700000, 0x0000000088700000|100%| E|CS|TAMS 0x0000000088600000, 0x0000000088600000| Complete 
| 115|0x0000000088700000, 0x0000000088800000, 0x0000000088800000|100%| E|CS|TAMS 0x0000000088700000, 0x0000000088700000| Complete 
| 116|0x0000000088800000, 0x0000000088900000, 0x0000000088900000|100%| E|CS|TAMS 0x0000000088800000, 0x0000000088800000| Complete 
| 117|0x0000000088900000, 0x0000000088a00000, 0x0000000088a00000|100%| E|CS|TAMS 0x0000000088900000, 0x0000000088900000| Complete 
| 118|0x0000000088a00000, 0x0000000088b00000, 0x0000000088b00000|100%| E|CS|TAMS 0x0000000088a00000, 0x0000000088a00000| Complete 
| 119|0x0000000088b00000, 0x0000000088c00000, 0x0000000088c00000|100%| E|CS|TAMS 0x0000000088b00000, 0x0000000088b00000| Complete 
| 120|0x0000000088c00000, 0x0000000088d00000, 0x0000000088d00000|100%| E|CS|TAMS 0x0000000088c00000, 0x0000000088c00000| Complete 
| 121|0x0000000088d00000, 0x0000000088e00000, 0x0000000088e00000|100%| E|CS|TAMS 0x0000000088d00000, 0x0000000088d00000| Complete 
| 122|0x0000000088e00000, 0x0000000088f00000, 0x0000000088f00000|100%| E|CS|TAMS 0x0000000088e00000, 0x0000000088e00000| Complete 
| 123|0x0000000088f00000, 0x0000000089000000, 0x0000000089000000|100%| E|CS|TAMS 0x0000000088f00000, 0x0000000088f00000| Complete 
| 124|0x0000000089000000, 0x0000000089100000, 0x0000000089100000|100%| E|CS|TAMS 0x0000000089000000, 0x0000000089000000| Complete 
| 125|0x0000000089100000, 0x0000000089200000, 0x0000000089200000|100%| E|CS|TAMS 0x0000000089100000, 0x0000000089100000| Complete 
| 126|0x0000000089200000, 0x0000000089300000, 0x0000000089300000|100%| E|CS|TAMS 0x0000000089200000, 0x0000000089200000| Complete 
| 127|0x0000000089300000, 0x0000000089400000, 0x0000000089400000|100%| E|CS|TAMS 0x0000000089300000, 0x0000000089300000| Complete 
| 128|0x0000000089400000, 0x0000000089500000, 0x0000000089500000|100%| E|CS|TAMS 0x0000000089400000, 0x0000000089400000| Complete 
| 129|0x0000000089500000, 0x0000000089600000, 0x0000000089600000|100%| E|CS|TAMS 0x0000000089500000, 0x0000000089500000| Complete 
| 130|0x0000000089600000, 0x0000000089700000, 0x0000000089700000|100%| E|CS|TAMS 0x0000000089600000, 0x0000000089600000| Complete 
| 131|0x0000000089700000, 0x0000000089800000, 0x0000000089800000|100%| E|CS|TAMS 0x0000000089700000, 0x0000000089700000| Complete 
| 132|0x0000000089800000, 0x0000000089900000, 0x0000000089900000|100%| E|CS|TAMS 0x0000000089800000, 0x0000000089800000| Complete 
| 133|0x0000000089900000, 0x0000000089a00000, 0x0000000089a00000|100%| E|CS|TAMS 0x0000000089900000, 0x0000000089900000| Complete 
| 134|0x0000000089a00000, 0x0000000089b00000, 0x0000000089b00000|100%| E|CS|TAMS 0x0000000089a00000, 0x0000000089a00000| Complete 
| 135|0x0000000089b00000, 0x0000000089c00000, 0x0000000089c00000|100%| E|CS|TAMS 0x0000000089b00000, 0x0000000089b00000| Complete 
| 136|0x0000000089c00000, 0x0000000089d00000, 0x0000000089d00000|100%| E|CS|TAMS 0x0000000089c00000, 0x0000000089c00000| Complete 
| 137|0x0000000089d00000, 0x0000000089e00000, 0x0000000089e00000|100%| E|CS|TAMS 0x0000000089d00000, 0x0000000089d00000| Complete 
| 138|0x0000000089e00000, 0x0000000089f00000, 0x0000000089f00000|100%| E|CS|TAMS 0x0000000089e00000, 0x0000000089e00000| Complete 
| 139|0x0000000089f00000, 0x000000008a000000, 0x000000008a000000|100%| E|CS|TAMS 0x0000000089f00000, 0x0000000089f00000| Complete 
| 140|0x000000008a000000, 0x000000008a100000, 0x000000008a100000|100%| E|CS|TAMS 0x000000008a000000, 0x000000008a000000| Complete 
| 141|0x000000008a100000, 0x000000008a200000, 0x000000008a200000|100%| E|CS|TAMS 0x000000008a100000, 0x000000008a100000| Complete 
| 142|0x000000008a200000, 0x000000008a300000, 0x000000008a300000|100%| E|CS|TAMS 0x000000008a200000, 0x000000008a200000| Complete 
| 143|0x000000008a300000, 0x000000008a400000, 0x000000008a400000|100%| E|CS|TAMS 0x000000008a300000, 0x000000008a300000| Complete 
| 144|0x000000008a400000, 0x000000008a500000, 0x000000008a500000|100%| E|CS|TAMS 0x000000008a400000, 0x000000008a400000| Complete 
| 145|0x000000008a500000, 0x000000008a600000, 0x000000008a600000|100%| E|CS|TAMS 0x000000008a500000, 0x000000008a500000| Complete 
| 146|0x000000008a600000, 0x000000008a700000, 0x000000008a700000|100%| E|CS|TAMS 0x000000008a600000, 0x000000008a600000| Complete 
| 147|0x000000008a700000, 0x000000008a800000, 0x000000008a800000|100%| E|CS|TAMS 0x000000008a700000, 0x000000008a700000| Complete 
| 148|0x000000008a800000, 0x000000008a900000, 0x000000008a900000|100%| E|CS|TAMS 0x000000008a800000, 0x000000008a800000| Complete 
| 149|0x000000008a900000, 0x000000008aa00000, 0x000000008aa00000|100%| E|CS|TAMS 0x000000008a900000, 0x000000008a900000| Complete 
| 150|0x000000008aa00000, 0x000000008ab00000, 0x000000008ab00000|100%| E|CS|TAMS 0x000000008aa00000, 0x000000008aa00000| Complete 
| 151|0x000000008ab00000, 0x000000008ac00000, 0x000000008ac00000|100%| E|CS|TAMS 0x000000008ab00000, 0x000000008ab00000| Complete 
| 152|0x000000008ac00000, 0x000000008ad00000, 0x000000008ad00000|100%| E|CS|TAMS 0x000000008ac00000, 0x000000008ac00000| Complete 
| 153|0x000000008ad00000, 0x000000008ae00000, 0x000000008ae00000|100%| E|CS|TAMS 0x000000008ad00000, 0x000000008ad00000| Complete 
| 154|0x000000008ae00000, 0x000000008af00000, 0x000000008af00000|100%| E|CS|TAMS 0x000000008ae00000, 0x000000008ae00000| Complete 
| 155|0x000000008af00000, 0x000000008b000000, 0x000000008b000000|100%| E|CS|TAMS 0x000000008af00000, 0x000000008af00000| Complete 
| 156|0x000000008b000000, 0x000000008b100000, 0x000000008b100000|100%| E|CS|TAMS 0x000000008b000000, 0x000000008b000000| Complete 
| 157|0x000000008b100000, 0x000000008b200000, 0x000000008b200000|100%| E|CS|TAMS 0x000000008b100000, 0x000000008b100000| Complete 
| 158|0x000000008b200000, 0x000000008b300000, 0x000000008b300000|100%| E|CS|TAMS 0x000000008b200000, 0x000000008b200000| Complete 
| 159|0x000000008b300000, 0x000000008b400000, 0x000000008b400000|100%| E|CS|TAMS 0x000000008b300000, 0x000000008b300000| Complete 
| 160|0x000000008b400000, 0x000000008b500000, 0x000000008b500000|100%| E|CS|TAMS 0x000000008b400000, 0x000000008b400000| Complete 
| 161|0x000000008b500000, 0x000000008b600000, 0x000000008b600000|100%| E|CS|TAMS 0x000000008b500000, 0x000000008b500000| Complete 
| 162|0x000000008b600000, 0x000000008b700000, 0x000000008b700000|100%| E|CS|TAMS 0x000000008b600000, 0x000000008b600000| Complete 
| 163|0x000000008b700000, 0x000000008b800000, 0x000000008b800000|100%| E|CS|TAMS 0x000000008b700000, 0x000000008b700000| Complete 
| 164|0x000000008b800000, 0x000000008b900000, 0x000000008b900000|100%| E|CS|TAMS 0x000000008b800000, 0x000000008b800000| Complete 
| 165|0x000000008b900000, 0x000000008ba00000, 0x000000008ba00000|100%| E|CS|TAMS 0x000000008b900000, 0x000000008b900000| Complete 
| 166|0x000000008ba00000, 0x000000008bb00000, 0x000000008bb00000|100%| E|CS|TAMS 0x000000008ba00000, 0x000000008ba00000| Complete 
| 167|0x000000008bb00000, 0x000000008bc00000, 0x000000008bc00000|100%| E|CS|TAMS 0x000000008bb00000, 0x000000008bb00000| Complete 
| 168|0x000000008bc00000, 0x000000008bd00000, 0x000000008bd00000|100%| E|CS|TAMS 0x000000008bc00000, 0x000000008bc00000| Complete 
| 169|0x000000008bd00000, 0x000000008be00000, 0x000000008be00000|100%| E|CS|TAMS 0x000000008bd00000, 0x000000008bd00000| Complete 
| 170|0x000000008be00000, 0x000000008bf00000, 0x000000008bf00000|100%| E|CS|TAMS 0x000000008be00000, 0x000000008be00000| Complete 
| 171|0x000000008bf00000, 0x000000008c000000, 0x000000008c000000|100%| E|CS|TAMS 0x000000008bf00000, 0x000000008bf00000| Complete 
| 172|0x000000008c000000, 0x000000008c100000, 0x000000008c100000|100%| E|CS|TAMS 0x000000008c000000, 0x000000008c000000| Complete 
| 173|0x000000008c100000, 0x000000008c200000, 0x000000008c200000|100%| E|CS|TAMS 0x000000008c100000, 0x000000008c100000| Complete 
| 174|0x000000008c200000, 0x000000008c300000, 0x000000008c300000|100%| E|CS|TAMS 0x000000008c200000, 0x000000008c200000| Complete 
| 175|0x000000008c300000, 0x000000008c400000, 0x000000008c400000|100%| E|CS|TAMS 0x000000008c300000, 0x000000008c300000| Complete 
| 176|0x000000008c400000, 0x000000008c500000, 0x000000008c500000|100%| E|CS|TAMS 0x000000008c400000, 0x000000008c400000| Complete 
| 177|0x000000008c500000, 0x000000008c600000, 0x000000008c600000|100%| E|CS|TAMS 0x000000008c500000, 0x000000008c500000| Complete 
| 178|0x000000008c600000, 0x000000008c700000, 0x000000008c700000|100%| E|CS|TAMS 0x000000008c600000, 0x000000008c600000| Complete 
| 179|0x000000008c700000, 0x000000008c800000, 0x000000008c800000|100%| E|CS|TAMS 0x000000008c700000, 0x000000008c700000| Complete 
| 180|0x000000008c800000, 0x000000008c900000, 0x000000008c900000|100%| E|CS|TAMS 0x000000008c800000, 0x000000008c800000| Complete 
| 181|0x000000008c900000, 0x000000008ca00000, 0x000000008ca00000|100%| E|CS|TAMS 0x000000008c900000, 0x000000008c900000| Complete 
| 182|0x000000008ca00000, 0x000000008cb00000, 0x000000008cb00000|100%| E|CS|TAMS 0x000000008ca00000, 0x000000008ca00000| Complete 
| 183|0x000000008cb00000, 0x000000008cc00000, 0x000000008cc00000|100%| E|CS|TAMS 0x000000008cb00000, 0x000000008cb00000| Complete 
| 184|0x000000008cc00000, 0x000000008cd00000, 0x000000008cd00000|100%| E|CS|TAMS 0x000000008cc00000, 0x000000008cc00000| Complete 
| 185|0x000000008cd00000, 0x000000008ce00000, 0x000000008ce00000|100%| E|CS|TAMS 0x000000008cd00000, 0x000000008cd00000| Complete 
| 186|0x000000008ce00000, 0x000000008cf00000, 0x000000008cf00000|100%| E|CS|TAMS 0x000000008ce00000, 0x000000008ce00000| Complete 
| 187|0x000000008cf00000, 0x000000008d000000, 0x000000008d000000|100%| E|CS|TAMS 0x000000008cf00000, 0x000000008cf00000| Complete 
| 188|0x000000008d000000, 0x000000008d100000, 0x000000008d100000|100%| E|CS|TAMS 0x000000008d000000, 0x000000008d000000| Complete 
| 189|0x000000008d100000, 0x000000008d200000, 0x000000008d200000|100%| E|CS|TAMS 0x000000008d100000, 0x000000008d100000| Complete 
| 190|0x000000008d200000, 0x000000008d300000, 0x000000008d300000|100%| E|CS|TAMS 0x000000008d200000, 0x000000008d200000| Complete 
| 191|0x000000008d300000, 0x000000008d400000, 0x000000008d400000|100%| E|CS|TAMS 0x000000008d300000, 0x000000008d300000| Complete 
| 192|0x000000008d400000, 0x000000008d500000, 0x000000008d500000|100%| E|CS|TAMS 0x000000008d400000, 0x000000008d400000| Complete 
| 193|0x000000008d500000, 0x000000008d600000, 0x000000008d600000|100%| E|CS|TAMS 0x000000008d500000, 0x000000008d500000| Complete 
| 194|0x000000008d600000, 0x000000008d700000, 0x000000008d700000|100%| E|CS|TAMS 0x000000008d600000, 0x000000008d600000| Complete 
| 195|0x000000008d700000, 0x000000008d800000, 0x000000008d800000|100%| E|CS|TAMS 0x000000008d700000, 0x000000008d700000| Complete 
| 196|0x000000008d800000, 0x000000008d900000, 0x000000008d900000|100%| E|CS|TAMS 0x000000008d800000, 0x000000008d800000| Complete 
| 197|0x000000008d900000, 0x000000008da00000, 0x000000008da00000|100%| E|CS|TAMS 0x000000008d900000, 0x000000008d900000| Complete 
| 198|0x000000008da00000, 0x000000008db00000, 0x000000008db00000|100%| E|CS|TAMS 0x000000008da00000, 0x000000008da00000| Complete 
| 199|0x000000008db00000, 0x000000008dc00000, 0x000000008dc00000|100%| E|CS|TAMS 0x000000008db00000, 0x000000008db00000| Complete 
| 200|0x000000008dc00000, 0x000000008dd00000, 0x000000008dd00000|100%| E|CS|TAMS 0x000000008dc00000, 0x000000008dc00000| Complete 
| 201|0x000000008dd00000, 0x000000008de00000, 0x000000008de00000|100%| E|CS|TAMS 0x000000008dd00000, 0x000000008dd00000| Complete 
| 202|0x000000008de00000, 0x000000008df00000, 0x000000008df00000|100%| E|CS|TAMS 0x000000008de00000, 0x000000008de00000| Complete 
| 203|0x000000008df00000, 0x000000008e000000, 0x000000008e000000|100%| E|CS|TAMS 0x000000008df00000, 0x000000008df00000| Complete 
| 204|0x000000008e000000, 0x000000008e100000, 0x000000008e100000|100%| E|CS|TAMS 0x000000008e000000, 0x000000008e000000| Complete 
| 205|0x000000008e100000, 0x000000008e200000, 0x000000008e200000|100%| E|CS|TAMS 0x000000008e100000, 0x000000008e100000| Complete 
| 206|0x000000008e200000, 0x000000008e300000, 0x000000008e300000|100%| E|CS|TAMS 0x000000008e200000, 0x000000008e200000| Complete 
| 207|0x000000008e300000, 0x000000008e400000, 0x000000008e400000|100%| E|CS|TAMS 0x000000008e300000, 0x000000008e300000| Complete 
| 208|0x000000008e400000, 0x000000008e500000, 0x000000008e500000|100%| E|CS|TAMS 0x000000008e400000, 0x000000008e400000| Complete 
| 209|0x000000008e500000, 0x000000008e600000, 0x000000008e600000|100%| E|CS|TAMS 0x000000008e500000, 0x000000008e500000| Complete 
| 210|0x000000008e600000, 0x000000008e700000, 0x000000008e700000|100%| E|CS|TAMS 0x000000008e600000, 0x000000008e600000| Complete 
| 211|0x000000008e700000, 0x000000008e800000, 0x000000008e800000|100%| E|CS|TAMS 0x000000008e700000, 0x000000008e700000| Complete 
| 212|0x000000008e800000, 0x000000008e900000, 0x000000008e900000|100%| E|CS|TAMS 0x000000008e800000, 0x000000008e800000| Complete 
| 213|0x000000008e900000, 0x000000008ea00000, 0x000000008ea00000|100%| E|CS|TAMS 0x000000008e900000, 0x000000008e900000| Complete 
| 214|0x000000008ea00000, 0x000000008eb00000, 0x000000008eb00000|100%| E|CS|TAMS 0x000000008ea00000, 0x000000008ea00000| Complete 
| 215|0x000000008eb00000, 0x000000008ec00000, 0x000000008ec00000|100%| E|CS|TAMS 0x000000008eb00000, 0x000000008eb00000| Complete 
| 216|0x000000008ec00000, 0x000000008ed00000, 0x000000008ed00000|100%| E|CS|TAMS 0x000000008ec00000, 0x000000008ec00000| Complete 
| 217|0x000000008ed00000, 0x000000008ee00000, 0x000000008ee00000|100%| E|CS|TAMS 0x000000008ed00000, 0x000000008ed00000| Complete 
| 218|0x000000008ee00000, 0x000000008ef00000, 0x000000008ef00000|100%| E|CS|TAMS 0x000000008ee00000, 0x000000008ee00000| Complete 
| 219|0x000000008ef00000, 0x000000008f000000, 0x000000008f000000|100%| E|CS|TAMS 0x000000008ef00000, 0x000000008ef00000| Complete 
| 220|0x000000008f000000, 0x000000008f100000, 0x000000008f100000|100%| E|CS|TAMS 0x000000008f000000, 0x000000008f000000| Complete 
| 221|0x000000008f100000, 0x000000008f200000, 0x000000008f200000|100%| E|CS|TAMS 0x000000008f100000, 0x000000008f100000| Complete 
| 222|0x000000008f200000, 0x000000008f300000, 0x000000008f300000|100%| E|CS|TAMS 0x000000008f200000, 0x000000008f200000| Complete 
| 223|0x000000008f300000, 0x000000008f400000, 0x000000008f400000|100%| E|CS|TAMS 0x000000008f300000, 0x000000008f300000| Complete 
| 224|0x000000008f400000, 0x000000008f500000, 0x000000008f500000|100%| E|CS|TAMS 0x000000008f400000, 0x000000008f400000| Complete 
| 225|0x000000008f500000, 0x000000008f600000, 0x000000008f600000|100%| E|CS|TAMS 0x000000008f500000, 0x000000008f500000| Complete 
| 226|0x000000008f600000, 0x000000008f700000, 0x000000008f700000|100%| E|CS|TAMS 0x000000008f600000, 0x000000008f600000| Complete 
| 227|0x000000008f700000, 0x000000008f800000, 0x000000008f800000|100%| E|CS|TAMS 0x000000008f700000, 0x000000008f700000| Complete 
| 228|0x000000008f800000, 0x000000008f900000, 0x000000008f900000|100%| E|CS|TAMS 0x000000008f800000, 0x000000008f800000| Complete 
| 229|0x000000008f900000, 0x000000008fa00000, 0x000000008fa00000|100%| E|CS|TAMS 0x000000008f900000, 0x000000008f900000| Complete 
| 230|0x000000008fa00000, 0x000000008fb00000, 0x000000008fb00000|100%| E|CS|TAMS 0x000000008fa00000, 0x000000008fa00000| Complete 

Card table byte_map: [0x00000270f2130000,0x00000270f2530000] _byte_map_base: 0x00000270f1d26000

Marking Bits (Prev, Next): (CMBitMap*) 0x00000270e827f040, (CMBitMap*) 0x00000270e827f080
 Prev Bits: [0x00000270f2930000, 0x00000270f48e0000)
 Next Bits: [0x00000270f48e0000, 0x00000270f6890000)

Polling page: 0x00000270e80d0000

Metaspace:

Usage:
  Non-class:     12.47 MB used.
      Class:      1.53 MB used.
       Both:     14.00 MB used.

Virtual space:
  Non-class space:       16.00 MB reserved,      12.56 MB ( 79%) committed,  2 nodes.
      Class space:        1.00 GB reserved,       1.62 MB ( <1%) committed,  1 nodes.
             Both:        1.02 GB reserved,      14.19 MB (  1%) committed. 

Chunk freelists:
   Non-Class:  2.96 MB
       Class:  2.41 MB
        Both:  5.38 MB

MaxMetaspaceSize: unlimited
CompressedClassSpaceSize: 1.00 GB
Initial GC threshold: 21.00 MB
Current GC threshold: 21.00 MB
CDS: on
MetaspaceReclaimPolicy: balanced
 - commit_granule_bytes: 65536.
 - commit_granule_words: 8192.
 - virtual_space_node_default_size: 1048576.
 - enlarge_chunks_in_place: 1.
 - new_chunks_are_fully_committed: 0.
 - uncommit_free_chunks: 1.
 - use_allocation_guard: 0.
 - handle_deallocations: 1.


Internal statistics:

num_allocs_failed_limit: 0.
num_arena_births: 168.
num_arena_deaths: 0.
num_vsnodes_births: 3.
num_vsnodes_deaths: 0.
num_space_committed: 227.
num_space_uncommitted: 0.
num_chunks_returned_to_freelist: 0.
num_chunks_taken_from_freelist: 256.
num_chunk_merges: 0.
num_chunk_splits: 147.
num_chunks_enlarged: 84.
num_purges: 0.
num_inconsistent_stats: 0.

CodeHeap 'non-profiled nmethods': size=120000Kb used=2978Kb max_used=2978Kb free=117021Kb
 bounds [0x0000027087ad0000, 0x0000027087dc0000, 0x000002708f000000]
CodeHeap 'profiled nmethods': size=120000Kb used=8325Kb max_used=8325Kb free=111674Kb
 bounds [0x00000270805a0000, 0x0000027080dd0000, 0x0000027087ad0000]
CodeHeap 'non-nmethods': size=5760Kb used=1389Kb max_used=1476Kb free=4370Kb
 bounds [0x0000027080000000, 0x0000027080270000, 0x00000270805a0000]
 total_blobs=4850 nmethods=4197 adapters=564
 compilation: enabled
              stopped_count=0, restarted_count=0
 full_count=0

Compilation events (20 events):
Event: 33.390 Thread 0x00000270f93115b0 4241       1       sun.swing.MenuItemLayoutHelper::getCheckSize (5 bytes)
Event: 33.390 Thread 0x00000270f93115b0 nmethod 4241 0x0000027087dacc90 code [0x0000027087dace20, 0x0000027087dacef8]
Event: 33.390 Thread 0x00000270f93115b0 4242       1       sun.swing.MenuItemLayoutHelper::getLabelSize (5 bytes)
Event: 33.390 Thread 0x00000270f93115b0 nmethod 4242 0x0000027087dacf90 code [0x0000027087dad120, 0x0000027087dad1f8]
Event: 33.390 Thread 0x00000270f93115b0 4243       1       sun.swing.MenuItemLayoutHelper::getAccSize (5 bytes)
Event: 33.390 Thread 0x00000270f93115b0 nmethod 4243 0x0000027087dad290 code [0x0000027087dad420, 0x0000027087dad4f8]
Event: 33.390 Thread 0x00000270f93115b0 4244       1       sun.swing.MenuItemLayoutHelper::getArrowSize (5 bytes)
Event: 33.390 Thread 0x00000270f93115b0 nmethod 4244 0x0000027087dad590 code [0x0000027087dad720, 0x0000027087dad7f8]
Event: 33.390 Thread 0x00000270f93115b0 4245       1       javax.swing.JMenuItem::getAccelerator (5 bytes)
Event: 33.390 Thread 0x00000270f93115b0 nmethod 4245 0x0000027087dad890 code [0x0000027087dada20, 0x0000027087dadaf8]
Event: 33.399 Thread 0x00000270f93115b0 4246       2       sun.swing.MenuItemLayoutHelper::alignRect (26 bytes)
Event: 33.399 Thread 0x00000270f93115b0 nmethod 4246 0x0000027080dc1310 code [0x0000027080dc14a0, 0x0000027080dc15d8]
Event: 33.515 Thread 0x00000270f93076f0 nmethod 4238 0x0000027087dadb90 code [0x0000027087dadf00, 0x0000027087db30c0]
Event: 33.515 Thread 0x00000270f93076f0 4210   !   4       java.awt.Container::validate (105 bytes)
Event: 33.518 Thread 0x00000270f93076f0 nmethod 4210 0x0000027087db7510 code [0x0000027087db7700, 0x0000027087db7c30]
Event: 33.518 Thread 0x00000270f93115b0 4250       1       javax.swing.JRootPane::getJMenuBar (5 bytes)
Event: 33.518 Thread 0x00000270f93076f0 4186       4       java.awt.GridBagLayout::AdjustForGravity (1072 bytes)
Event: 33.518 Thread 0x00000270f93115b0 nmethod 4250 0x0000027087db7f90 code [0x0000027087db8120, 0x0000027087db81f8]
Event: 33.520 Thread 0x00000270f93076f0 nmethod 4186 0x0000027087db8290 code [0x0000027087db8420, 0x0000027087db86b8]
Event: 33.520 Thread 0x00000270f93076f0 4215   !   4       java.awt.Component::reshape (312 bytes)

GC Heap History (20 events):
Event: 24.215 GC heap before
{Heap before GC invocations=58 (full 0):
 garbage-first heap   total 236544K, used 150558K [0x0000000081400000, 0x0000000100000000)
  region size 1024K, 138 young (141312K), 1 survivors (1024K)
 Metaspace       used 13581K, committed 13824K, reserved 1064960K
  class space    used 1550K, committed 1664K, reserved 1048576K
}
Event: 24.217 GC heap after
{Heap after GC invocations=59 (full 0):
 garbage-first heap   total 236544K, used 10332K [0x0000000081400000, 0x0000000100000000)
  region size 1024K, 1 young (1024K), 1 survivors (1024K)
 Metaspace       used 13581K, committed 13824K, reserved 1064960K
  class space    used 1550K, committed 1664K, reserved 1048576K
}
Event: 24.324 GC heap before
{Heap before GC invocations=59 (full 0):
 garbage-first heap   total 236544K, used 150620K [0x0000000081400000, 0x0000000100000000)
  region size 1024K, 138 young (141312K), 1 survivors (1024K)
 Metaspace       used 13581K, committed 13824K, reserved 1064960K
  class space    used 1550K, committed 1664K, reserved 1048576K
}
Event: 24.325 GC heap after
{Heap after GC invocations=60 (full 0):
 garbage-first heap   total 236544K, used 10270K [0x0000000081400000, 0x0000000100000000)
  region size 1024K, 1 young (1024K), 1 survivors (1024K)
 Metaspace       used 13581K, committed 13824K, reserved 1064960K
  class space    used 1550K, committed 1664K, reserved 1048576K
}
Event: 24.435 GC heap before
{Heap before GC invocations=60 (full 0):
 garbage-first heap   total 236544K, used 150558K [0x0000000081400000, 0x0000000100000000)
  region size 1024K, 138 young (141312K), 1 survivors (1024K)
 Metaspace       used 13581K, committed 13824K, reserved 1064960K
  class space    used 1550K, committed 1664K, reserved 1048576K
}
Event: 24.436 GC heap after
{Heap after GC invocations=61 (full 0):
 garbage-first heap   total 236544K, used 10394K [0x0000000081400000, 0x0000000100000000)
  region size 1024K, 1 young (1024K), 1 survivors (1024K)
 Metaspace       used 13581K, committed 13824K, reserved 1064960K
  class space    used 1550K, committed 1664K, reserved 1048576K
}
Event: 24.548 GC heap before
{Heap before GC invocations=61 (full 0):
 garbage-first heap   total 236544K, used 150682K [0x0000000081400000, 0x0000000100000000)
  region size 1024K, 138 young (141312K), 1 survivors (1024K)
 Metaspace       used 13581K, committed 13824K, reserved 1064960K
  class space    used 1550K, committed 1664K, reserved 1048576K
}
Event: 24.549 GC heap after
{Heap after GC invocations=62 (full 0):
 garbage-first heap   total 236544K, used 10481K [0x0000000081400000, 0x0000000100000000)
  region size 1024K, 1 young (1024K), 1 survivors (1024K)
 Metaspace       used 13581K, committed 13824K, reserved 1064960K
  class space    used 1550K, committed 1664K, reserved 1048576K
}
Event: 24.657 GC heap before
{Heap before GC invocations=62 (full 0):
 garbage-first heap   total 236544K, used 150769K [0x0000000081400000, 0x0000000100000000)
  region size 1024K, 138 young (141312K), 1 survivors (1024K)
 Metaspace       used 13581K, committed 13824K, reserved 1064960K
  class space    used 1550K, committed 1664K, reserved 1048576K
}
Event: 24.659 GC heap after
{Heap after GC invocations=63 (full 0):
 garbage-first heap   total 236544K, used 10440K [0x0000000081400000, 0x0000000100000000)
  region size 1024K, 1 young (1024K), 1 survivors (1024K)
 Metaspace       used 13581K, committed 13824K, reserved 1064960K
  class space    used 1550K, committed 1664K, reserved 1048576K
}
Event: 24.775 GC heap before
{Heap before GC invocations=63 (full 0):
 garbage-first heap   total 236544K, used 150728K [0x0000000081400000, 0x0000000100000000)
  region size 1024K, 138 young (141312K), 1 survivors (1024K)
 Metaspace       used 13581K, committed 13824K, reserved 1064960K
  class space    used 1550K, committed 1664K, reserved 1048576K
}
Event: 24.776 GC heap after
{Heap after GC invocations=64 (full 0):
 garbage-first heap   total 236544K, used 10472K [0x0000000081400000, 0x0000000100000000)
  region size 1024K, 1 young (1024K), 1 survivors (1024K)
 Metaspace       used 13581K, committed 13824K, reserved 1064960K
  class space    used 1550K, committed 1664K, reserved 1048576K
}
Event: 24.882 GC heap before
{Heap before GC invocations=64 (full 0):
 garbage-first heap   total 236544K, used 150760K [0x0000000081400000, 0x0000000100000000)
  region size 1024K, 138 young (141312K), 1 survivors (1024K)
 Metaspace       used 13581K, committed 13824K, reserved 1064960K
  class space    used 1550K, committed 1664K, reserved 1048576K
}
Event: 24.883 GC heap after
{Heap after GC invocations=65 (full 0):
 garbage-first heap   total 236544K, used 10516K [0x0000000081400000, 0x0000000100000000)
  region size 1024K, 1 young (1024K), 1 survivors (1024K)
 Metaspace       used 13581K, committed 13824K, reserved 1064960K
  class space    used 1550K, committed 1664K, reserved 1048576K
}
Event: 24.994 GC heap before
{Heap before GC invocations=65 (full 0):
 garbage-first heap   total 236544K, used 150804K [0x0000000081400000, 0x0000000100000000)
  region size 1024K, 138 young (141312K), 1 survivors (1024K)
 Metaspace       used 13581K, committed 13824K, reserved 1064960K
  class space    used 1550K, committed 1664K, reserved 1048576K
}
Event: 24.996 GC heap after
{Heap after GC invocations=66 (full 0):
 garbage-first heap   total 236544K, used 10567K [0x0000000081400000, 0x0000000100000000)
  region size 1024K, 1 young (1024K), 1 survivors (1024K)
 Metaspace       used 13581K, committed 13824K, reserved 1064960K
  class space    used 1550K, committed 1664K, reserved 1048576K
}
Event: 25.100 GC heap before
{Heap before GC invocations=66 (full 0):
 garbage-first heap   total 236544K, used 150855K [0x0000000081400000, 0x0000000100000000)
  region size 1024K, 138 young (141312K), 1 survivors (1024K)
 Metaspace       used 13581K, committed 13824K, reserved 1064960K
  class space    used 1550K, committed 1664K, reserved 1048576K
}
Event: 25.102 GC heap after
{Heap after GC invocations=67 (full 0):
 garbage-first heap   total 236544K, used 10631K [0x0000000081400000, 0x0000000100000000)
  region size 1024K, 1 young (1024K), 1 survivors (1024K)
 Metaspace       used 13581K, committed 13824K, reserved 1064960K
  class space    used 1550K, committed 1664K, reserved 1048576K
}
Event: 25.214 GC heap before
{Heap before GC invocations=67 (full 0):
 garbage-first heap   total 236544K, used 150919K [0x0000000081400000, 0x0000000100000000)
  region size 1024K, 138 young (141312K), 1 survivors (1024K)
 Metaspace       used 13581K, committed 13824K, reserved 1064960K
  class space    used 1550K, committed 1664K, reserved 1048576K
}
Event: 25.215 GC heap after
{Heap after GC invocations=68 (full 0):
 garbage-first heap   total 236544K, used 10617K [0x0000000081400000, 0x0000000100000000)
  region size 1024K, 1 young (1024K), 1 survivors (1024K)
 Metaspace       used 13581K, committed 13824K, reserved 1064960K
  class space    used 1550K, committed 1664K, reserved 1048576K
}

Deoptimization events (20 events):
Event: 33.256 Thread 0x00000270fa06c3b0 DEOPT PACKING pc=0x0000027080d4be8f sp=0x000000a5b55fdf50
Event: 33.256 Thread 0x00000270fa06c3b0 DEOPT UNPACKING pc=0x0000027080052b43 sp=0x000000a5b55fd430 mode 0
Event: 33.256 Thread 0x00000270fa06c3b0 DEOPT PACKING pc=0x0000027080d13f34 sp=0x000000a5b55fe130
Event: 33.256 Thread 0x00000270fa06c3b0 DEOPT UNPACKING pc=0x0000027080052b43 sp=0x000000a5b55fd618 mode 0
Event: 33.279 Thread 0x00000270fa06c3b0 DEOPT PACKING pc=0x0000027080d4be8f sp=0x000000a5b55fdf50
Event: 33.279 Thread 0x00000270fa06c3b0 DEOPT UNPACKING pc=0x0000027080052b43 sp=0x000000a5b55fd430 mode 0
Event: 33.280 Thread 0x00000270fa06c3b0 DEOPT PACKING pc=0x0000027080d13f34 sp=0x000000a5b55fe130
Event: 33.280 Thread 0x00000270fa06c3b0 DEOPT UNPACKING pc=0x0000027080052b43 sp=0x000000a5b55fd618 mode 0
Event: 33.281 Thread 0x00000270fa06c3b0 DEOPT PACKING pc=0x0000027080d1109d sp=0x000000a5b55fe960
Event: 33.281 Thread 0x00000270fa06c3b0 DEOPT UNPACKING pc=0x0000027080052b43 sp=0x000000a5b55fddf8 mode 0
Event: 33.304 Thread 0x00000270fa06c3b0 DEOPT PACKING pc=0x0000027080d1109d sp=0x000000a5b55fe960
Event: 33.304 Thread 0x00000270fa06c3b0 DEOPT UNPACKING pc=0x0000027080052b43 sp=0x000000a5b55fddf8 mode 0
Event: 33.388 Thread 0x00000270fa06c3b0 DEOPT PACKING pc=0x0000027080d4bca3 sp=0x000000a5b55fdf60
Event: 33.388 Thread 0x00000270fa06c3b0 DEOPT UNPACKING pc=0x0000027080052b43 sp=0x000000a5b55fd458 mode 0
Event: 33.389 Thread 0x00000270fa06c3b0 DEOPT PACKING pc=0x0000027080d4bca3 sp=0x000000a5b55fdf50
Event: 33.389 Thread 0x00000270fa06c3b0 DEOPT UNPACKING pc=0x0000027080052b43 sp=0x000000a5b55fd430 mode 0
Event: 33.389 Thread 0x00000270fa06c3b0 DEOPT PACKING pc=0x0000027080d13f34 sp=0x000000a5b55fe130
Event: 33.389 Thread 0x00000270fa06c3b0 DEOPT UNPACKING pc=0x0000027080052b43 sp=0x000000a5b55fd618 mode 0
Event: 33.519 Thread 0x00000270fa06c3b0 DEOPT PACKING pc=0x0000027080d13f34 sp=0x000000a5b55fe130
Event: 33.519 Thread 0x00000270fa06c3b0 DEOPT UNPACKING pc=0x0000027080052b43 sp=0x000000a5b55fd618 mode 0

Classes unloaded (0 events):
No events

Classes redefined (0 events):
No events

Internal exceptions (20 events):
Event: 0.389 Thread 0x00000270fa06c3b0 Exception <a 'java/lang/ClassNotFoundException'{0x0000000088e46e90}: com/sun/swing/internal/plaf/metal/resources/spi/metalProvider> (0x0000000088e46e90) 
thrown [t:\workspace\open\src\hotspot\share\classfile\systemDictionary.cpp, line 256]
Event: 0.390 Thread 0x00000270fa06c3b0 Exception <a 'java/lang/ClassNotFoundException'{0x0000000088e4ad38}: com/sun/swing/internal/plaf/basic/resources/spi/basicProvider> (0x0000000088e4ad38) 
thrown [t:\workspace\open\src\hotspot\share\classfile\systemDictionary.cpp, line 256]
Event: 0.420 Thread 0x00000270fa9b09a0 Exception <a 'java/lang/NoSuchMethodError'{0x0000000088ef9820}: 'java.lang.Object java.lang.invoke.DirectMethodHandle$Holder.newInvokeSpecial(java.lang.Object, java.lang.Object, java.lang.Object, int, int, int, int, int)'> (0x0000000088ef9820) 
thrown [t:\workspace\open\src\hotspot\share\interpreter\linkResolver.cpp, line 766]
Event: 0.436 Thread 0x00000270fa0433f0 Exception <a 'java/lang/NoSuchMethodError'{0x0000000089085ba8}: 'void java.lang.invoke.DirectMethodHandle$Holder.invokeVirtual(java.lang.Object, java.lang.Object)'> (0x0000000089085ba8) 
thrown [t:\workspace\open\src\hotspot\share\interpreter\linkResolver.cpp, line 766]
Event: 0.448 Thread 0x00000270fa06c3b0 Exception <a 'java/lang/NoSuchMethodError'{0x0000000088ed5698}: 'void java.lang.invoke.DirectMethodHandle$Holder.invokeStaticInit(java.lang.Object)'> (0x0000000088ed5698) 
thrown [t:\workspace\open\src\hotspot\share\interpreter\linkResolver.cpp, line 766]
Event: 3.475 Thread 0x00000270fa06c3b0 Exception <a 'java/lang/NoSuchMethodError'{0x0000000088c60ba8}: 'void java.lang.invoke.DirectMethodHandle$Holder.invokeStatic(java.lang.Object, java.lang.Object, java.lang.Object)'> (0x0000000088c60ba8) 
thrown [t:\workspace\open\src\hotspot\share\interpreter\linkResolver.cpp, line 766]
Event: 3.476 Thread 0x00000270fa06c3b0 Exception <a 'java/lang/NoSuchMethodError'{0x0000000088c671a8}: 'void java.lang.invoke.DirectMethodHandle$Holder.invokeStatic(java.lang.Object, java.lang.Object)'> (0x0000000088c671a8) 
thrown [t:\workspace\open\src\hotspot\share\interpreter\linkResolver.cpp, line 766]
Event: 3.890 Thread 0x00000270fa06c3b0 Exception <a 'java/lang/NoSuchMethodError'{0x0000000088bff220}: 'int java.lang.invoke.DirectMethodHandle$Holder.invokeSpecial(java.lang.Object, java.lang.Object, java.lang.Object)'> (0x0000000088bff220) 
thrown [t:\workspace\open\src\hotspot\share\interpreter\linkResolver.cpp, line 766]
Event: 4.159 Thread 0x00000270fa06c3b0 Exception <a 'java/lang/NoSuchMethodError'{0x0000000088a41000}: 'int java.lang.invoke.DirectMethodHandle$Holder.invokeStatic(java.lang.Object)'> (0x0000000088a41000) 
thrown [t:\workspace\open\src\hotspot\share\interpreter\linkResolver.cpp, line 766]
Event: 17.954 Thread 0x00000270fa9aecc0 Exception <a 'java/lang/NoSuchMethodError'{0x000000008871f7a8}: 'int java.lang.invoke.DirectMethodHandle$Holder.invokeStatic(java.lang.Object, java.lang.Object, java.lang.Object, java.lang.Object)'> (0x000000008871f7a8) 
thrown [t:\workspace\open\src\hotspot\share\interpreter\linkResolver.cpp, line 766]
Event: 17.956 Thread 0x00000270fa9aecc0 Exception <a 'java/lang/NoSuchMethodError'{0x000000008872eba8}: 'java.lang.Object java.lang.invoke.DirectMethodHandle$Holder.invokeSpecialIFC(java.lang.Object, java.lang.Object, java.lang.Object, java.lang.Object)'> (0x000000008872eba8) 
thrown [t:\workspace\open\src\hotspot\share\interpreter\linkResolver.cpp, line 766]
Event: 17.965 Thread 0x00000270fa9aecc0 Exception <a 'java/lang/NoClassDefFoundError'{0x0000000088761188}: org/slf4j/impl/StaticLoggerBinder> (0x0000000088761188) 
thrown [t:\workspace\open\src\hotspot\share\classfile\systemDictionary.cpp, line 245]
Event: 17.974 Thread 0x00000270fa9aecc0 Exception <a 'java/lang/NoSuchMethodError'{0x00000000887829d8}: 'java.lang.Object java.lang.invoke.DirectMethodHandle$Holder.invokeStaticInit(java.lang.Object, java.lang.Object, java.lang.Object)'> (0x00000000887829d8) 
thrown [t:\workspace\open\src\hotspot\share\interpreter\linkResolver.cpp, line 766]
Event: 17.986 Thread 0x00000270fa9aecc0 Exception <a 'java/lang/NoSuchMethodError'{0x0000000088614b48}: 'int java.lang.invoke.DirectMethodHandle$Holder.invokeStatic(java.lang.Object, java.lang.Object, int)'> (0x0000000088614b48) 
thrown [t:\workspace\open\src\hotspot\share\interpreter\linkResolver.cpp, line 766]
Event: 17.991 Thread 0x00000270fa9aecc0 Exception <a 'java/lang/NoSuchMethodError'{0x00000000886292a8}: 'void java.lang.invoke.DirectMethodHandle$Holder.invokeSpecial(java.lang.Object, java.lang.Object, java.lang.Object, java.lang.Object, java.lang.Object)'> (0x00000000886292a8) 
thrown [t:\workspace\open\src\hotspot\share\interpreter\linkResolver.cpp, line 766]
Event: 18.007 Thread 0x00000270fa9aecc0 Exception <a 'java/lang/NoSuchMethodError'{0x000000008867fbb8}: 'double java.lang.invoke.DirectMethodHandle$Holder.invokeVirtual(java.lang.Object, java.lang.Object)'> (0x000000008867fbb8) 
thrown [t:\workspace\open\src\hotspot\share\interpreter\linkResolver.cpp, line 766]
Event: 18.008 Thread 0x00000270fa9aecc0 Exception <a 'java/lang/NoSuchMethodError'{0x0000000088686658}: 'java.lang.Object java.lang.invoke.Invokers$Holder.invokeExact_MT(java.lang.Object, java.lang.Object, java.lang.Object, java.lang.Object, java.lang.Object, java.lang.Object)'> (0x0000000088686658) 
thrown [t:\workspace\open\src\hotspot\share\interpreter\linkResolver.cpp, line 766]
Event: 18.013 Thread 0x00000270fa9aecc0 Exception <a 'java/lang/NoSuchMethodError'{0x00000000886aa710}: 'double java.lang.invoke.DirectMethodHandle$Holder.invokeStatic(java.lang.Object, java.lang.Object)'> (0x00000000886aa710) 
thrown [t:\workspace\open\src\hotspot\share\interpreter\linkResolver.cpp, line 766]
Event: 18.015 Thread 0x00000270fa9aecc0 Exception <a 'java/lang/NoSuchMethodError'{0x00000000886b3248}: 'void java.lang.invoke.DirectMethodHandle$Holder.invokeStatic(java.lang.Object, java.lang.Object, double)'> (0x00000000886b3248) 
thrown [t:\workspace\open\src\hotspot\share\interpreter\linkResolver.cpp, line 766]
Event: 25.293 Thread 0x00000270fa9aecc0 Exception <a 'java/lang/NoSuchMethodError'{0x0000000089974ab8}: 'java.lang.Object java.lang.invoke.DirectMethodHandle$Holder.newInvokeSpecial(java.lang.Object, java.lang.Object, java.lang.Object, java.lang.Object, java.lang.Object, java.lang.Object)'> (0x0000000089974ab8) 
thrown [t:\workspace\open\src\hotspot\share\interpreter\linkResolver.cpp, line 766]

VM Operations (20 events):
Event: 24.994 Executing VM operation: G1CollectForAllocation
Event: 24.996 Executing VM operation: G1CollectForAllocation done
Event: 25.100 Executing VM operation: G1CollectForAllocation
Event: 25.102 Executing VM operation: G1CollectForAllocation done
Event: 25.214 Executing VM operation: G1CollectForAllocation
Event: 25.215 Executing VM operation: G1CollectForAllocation done
Event: 25.311 Executing VM operation: HandshakeAllThreads
Event: 25.311 Executing VM operation: HandshakeAllThreads done
Event: 25.721 Executing VM operation: ICBufferFull
Event: 25.721 Executing VM operation: ICBufferFull done
Event: 26.729 Executing VM operation: Cleanup
Event: 26.729 Executing VM operation: Cleanup done
Event: 29.774 Executing VM operation: Cleanup
Event: 29.774 Executing VM operation: Cleanup done
Event: 30.784 Executing VM operation: Cleanup
Event: 30.785 Executing VM operation: Cleanup done
Event: 31.800 Executing VM operation: Cleanup
Event: 31.800 Executing VM operation: Cleanup done
Event: 32.807 Executing VM operation: Cleanup
Event: 32.808 Executing VM operation: Cleanup done

Events (20 events):
Event: 25.310 loading class java/util/stream/SortedOps
Event: 25.311 loading class java/util/stream/SortedOps done
Event: 25.311 loading class java/util/stream/SortedOps$OfRef
Event: 25.311 loading class java/util/stream/SortedOps$OfRef done
Event: 25.311 loading class java/util/stream/SortedOps$SizedRefSortingSink
Event: 25.311 loading class java/util/stream/SortedOps$AbstractRefSortingSink
Event: 25.312 loading class java/util/stream/SortedOps$AbstractRefSortingSink done
Event: 25.312 loading class java/util/stream/SortedOps$SizedRefSortingSink done
Event: 25.315 loading class jdk/internal/math/FDBigInteger
Event: 25.315 loading class jdk/internal/math/FDBigInteger done
Event: 25.361 Thread 0x0000027091009520 Thread added: 0x0000027091009520
Event: 25.664 loading class jdk/internal/access/foreign/MemorySegmentProxy
Event: 25.664 loading class jdk/internal/access/foreign/MemorySegmentProxy done
Event: 25.714 Thread 0x00000270fa9aecc0 Thread exited: 0x00000270fa9aecc0
Event: 29.192 Thread 0x0000027091009520 Thread exited: 0x0000027091009520
Event: 30.540 loading class java/awt/GridBagLayoutInfo
Event: 30.540 loading class java/awt/GridBagLayoutInfo done
Event: 30.545 Thread 0x0000027091009520 Thread added: 0x0000027091009520
Event: 31.959 Thread 0x0000027091009520 Thread exited: 0x0000027091009520
Event: 33.134 Thread 0x0000027091009520 Thread added: 0x0000027091009520


Dynamic libraries:
0x00007ff711110000 - 0x00007ff711120000 	C:\Program Files\Java\jdk-17.0.2\bin\java.exe
0x00007fffbf570000 - 0x00007fffbf765000 	C:\WINDOWS\SYSTEM32\ntdll.dll
0x00007fffbde30000 - 0x00007fffbdeee000 	C:\WINDOWS\System32\KERNEL32.DLL
0x00007fffbcd30000 - 0x00007fffbcff8000 	C:\WINDOWS\System32\KERNELBASE.dll
0x00007fffbd0d0000 - 0x00007fffbd1d0000 	C:\WINDOWS\System32\ucrtbase.dll
0x00007fffb84c0000 - 0x00007fffb84d8000 	C:\Program Files\Java\jdk-17.0.2\bin\jli.dll
0x00007fffb7c40000 - 0x00007fffb7c5a000 	C:\Program Files\Java\jdk-17.0.2\bin\VCRUNTIME140.dll
0x00007fffbda60000 - 0x00007fffbdb0e000 	C:\WINDOWS\System32\ADVAPI32.dll
0x00007fffbe2a0000 - 0x00007fffbe33e000 	C:\WINDOWS\System32\msvcrt.dll
0x00007fffbe200000 - 0x00007fffbe29c000 	C:\WINDOWS\System32\sechost.dll
0x00007fffbe630000 - 0x00007fffbe755000 	C:\WINDOWS\System32\RPCRT4.dll
0x00007fffbdb70000 - 0x00007fffbdd10000 	C:\WINDOWS\System32\USER32.dll
0x00007fffa4b20000 - 0x00007fffa4dba000 	C:\WINDOWS\WinSxS\amd64_microsoft.windows.common-controls_6595b64144ccf1df_6.0.19041.1110_none_60b5254171f9507e\COMCTL32.dll
0x00007fffbd0a0000 - 0x00007fffbd0c2000 	C:\WINDOWS\System32\win32u.dll
0x00007fffbe400000 - 0x00007fffbe42b000 	C:\WINDOWS\System32\GDI32.dll
0x00007fffbd1d0000 - 0x00007fffbd2dd000 	C:\WINDOWS\System32\gdi32full.dll
0x00007fffbd2e0000 - 0x00007fffbd37d000 	C:\WINDOWS\System32\msvcp_win.dll
0x00007fffb5780000 - 0x00007fffb578a000 	C:\WINDOWS\SYSTEM32\VERSION.dll
0x00007fffbeeb0000 - 0x00007fffbeee0000 	C:\WINDOWS\System32\IMM32.DLL
0x00007fffb9c00000 - 0x00007fffb9c0c000 	C:\Program Files\Java\jdk-17.0.2\bin\vcruntime140_1.dll
0x00007fff8b990000 - 0x00007fff8ba1d000 	C:\Program Files\Java\jdk-17.0.2\bin\msvcp140.dll
0x00007fff71f30000 - 0x00007fff72af1000 	C:\Program Files\Java\jdk-17.0.2\bin\server\jvm.dll
0x00007fffbf4f0000 - 0x00007fffbf4f8000 	C:\WINDOWS\System32\PSAPI.DLL
0x00007fffa0a80000 - 0x00007fffa0a89000 	C:\WINDOWS\SYSTEM32\WSOCK32.dll
0x00007fffaadc0000 - 0x00007fffaade7000 	C:\WINDOWS\SYSTEM32\WINMM.dll
0x00007fffbf420000 - 0x00007fffbf48b000 	C:\WINDOWS\System32\WS2_32.dll
0x00007fffbb4b0000 - 0x00007fffbb4c2000 	C:\WINDOWS\SYSTEM32\kernel.appcore.dll
0x00007fffb6b70000 - 0x00007fffb6b7a000 	C:\Program Files\Java\jdk-17.0.2\bin\jimage.dll
0x00007fffbaaf0000 - 0x00007fffbacd4000 	C:\WINDOWS\SYSTEM32\DBGHELP.DLL
0x00007fffa0530000 - 0x00007fffa055c000 	C:\WINDOWS\SYSTEM32\dbgcore.DLL
0x00007fffbcca0000 - 0x00007fffbcd22000 	C:\WINDOWS\System32\bcryptPrimitives.dll
0x00007fff9e0e0000 - 0x00007fff9e11b000 	C:\Program Files\Java\jdk-17.0.2\bin\jdwp.dll
0x00007fffb2470000 - 0x00007fffb2495000 	C:\Program Files\Java\jdk-17.0.2\bin\java.dll
0x00007fff87bc0000 - 0x00007fff87c96000 	C:\Program Files\Java\jdk-17.0.2\bin\jsvml.dll
0x00007fffbe760000 - 0x00007fffbeea4000 	C:\WINDOWS\System32\SHELL32.dll
0x00007fffbad00000 - 0x00007fffbb494000 	C:\WINDOWS\SYSTEM32\windows.storage.dll
0x00007fffbd590000 - 0x00007fffbd8e5000 	C:\WINDOWS\System32\combase.dll
0x00007fffbc630000 - 0x00007fffbc65e000 	C:\WINDOWS\SYSTEM32\Wldp.dll
0x00007fffbe340000 - 0x00007fffbe3ed000 	C:\WINDOWS\System32\SHCORE.dll
0x00007fffbf490000 - 0x00007fffbf4e5000 	C:\WINDOWS\System32\shlwapi.dll
0x00007fffbcb90000 - 0x00007fffbcbaf000 	C:\WINDOWS\SYSTEM32\profapi.dll
0x00007fffb6b60000 - 0x00007fffb6b6c000 	C:\Program Files\Java\jdk-17.0.2\bin\dt_socket.dll
0x00007fffbc020000 - 0x00007fffbc05b000 	C:\WINDOWS\SYSTEM32\IPHLPAPI.DLL
0x00007fffbc330000 - 0x00007fffbc39a000 	C:\WINDOWS\system32\mswsock.dll
0x00007fffbc060000 - 0x00007fffbc12b000 	C:\WINDOWS\SYSTEM32\DNSAPI.dll
0x00007fffbeee0000 - 0x00007fffbeee8000 	C:\WINDOWS\System32\NSI.dll
0x00007fffa5be0000 - 0x00007fffa5bea000 	C:\Windows\System32\rasadhlp.dll
0x00007fffa7900000 - 0x00007fffa797f000 	C:\WINDOWS\System32\fwpuclnt.dll
0x00007fffbd000000 - 0x00007fffbd027000 	C:\WINDOWS\System32\bcrypt.dll
0x00007fff81b80000 - 0x00007fff81d0f000 	C:\Program Files\Java\jdk-17.0.2\bin\awt.dll
0x00007fffbe430000 - 0x00007fffbe4fd000 	C:\WINDOWS\System32\OLEAUT32.dll
0x00007fffba1d0000 - 0x00007fffba260000 	C:\WINDOWS\SYSTEM32\apphelp.dll
0x00007fffb4060000 - 0x00007fffb4079000 	C:\Program Files\Java\jdk-17.0.2\bin\net.dll
0x00007fffaac80000 - 0x00007fffaad8c000 	C:\WINDOWS\SYSTEM32\WINHTTP.dll
0x00007fffb4020000 - 0x00007fffb4036000 	C:\Program Files\Java\jdk-17.0.2\bin\nio.dll
0x00007fffb2560000 - 0x00007fffb2578000 	C:\Program Files\Java\jdk-17.0.2\bin\zip.dll
0x00007fffba370000 - 0x00007fffba40e000 	C:\WINDOWS\system32\uxtheme.dll
0x00007fffbdd10000 - 0x00007fffbde26000 	C:\WINDOWS\System32\MSCTF.dll
0x00007fffbe500000 - 0x00007fffbe62a000 	C:\WINDOWS\System32\ole32.dll
0x00007fffba670000 - 0x00007fffba69f000 	C:\WINDOWS\system32\DWMAPI.DLL
0x00007fff90ab0000 - 0x00007fff90bd5000 	C:\WINDOWS\system32\opengl32.dll
0x00007fff99960000 - 0x00007fff9998c000 	C:\WINDOWS\SYSTEM32\GLU32.dll
0x00007fffaa500000 - 0x00007fffaa6d0000 	C:\WINDOWS\system32\d3d9.dll
0x00007fffb1730000 - 0x00007fffb1836000 	C:\WINDOWS\System32\DriverStore\FileRepository\nv_desktop_ref4i.inf_amd64_6ac872c5932b6bd5\nvldumdx.dll
0x00007fffbc7c0000 - 0x00007fffbc7d2000 	C:\WINDOWS\SYSTEM32\msasn1.dll
0x00007fffb56e0000 - 0x00007fffb5711000 	C:\WINDOWS\SYSTEM32\cryptnet.dll
0x00007fffbd380000 - 0x00007fffbd4d6000 	C:\WINDOWS\System32\CRYPT32.dll
0x00007fffafeb0000 - 0x00007fffafffa000 	C:\WINDOWS\SYSTEM32\drvstore.dll
0x00007fffbc980000 - 0x00007fffbc9b4000 	C:\WINDOWS\SYSTEM32\devobj.dll
0x00007fffbcc50000 - 0x00007fffbcc9e000 	C:\WINDOWS\System32\cfgmgr32.dll
0x00007fffbc540000 - 0x00007fffbc54c000 	C:\WINDOWS\SYSTEM32\cryptbase.dll
0x00007fffbd030000 - 0x00007fffbd099000 	C:\WINDOWS\System32\WINTRUST.DLL
0x00007fffbd8f0000 - 0x00007fffbd90d000 	C:\WINDOWS\System32\imagehlp.dll
0x00007fffbc520000 - 0x00007fffbc538000 	C:\WINDOWS\SYSTEM32\CRYPTSP.dll
0x00007fffbbc70000 - 0x00007fffbbca4000 	C:\WINDOWS\system32\rsaenh.dll
0x00007fff64ae0000 - 0x00007fff66390000 	C:\WINDOWS\System32\DriverStore\FileRepository\nv_desktop_ref4i.inf_amd64_6ac872c5932b6bd5\nvd3dumx.dll
0x00007fff8aca0000 - 0x00007fff8ae5d000 	C:\WINDOWS\system32\nvspcap64.dll
0x00007fffbb900000 - 0x00007fffbb933000 	C:\WINDOWS\SYSTEM32\ntmarta.dll
0x00007fffbb4d0000 - 0x00007fffbb4f3000 	C:\WINDOWS\SYSTEM32\gpapi.dll
0x00007fffb22a0000 - 0x00007fffb22db000 	C:\WINDOWS\SYSTEM32\dxcore.dll
0x00007fff87450000 - 0x00007fff874d9000 	C:\Program Files\Java\jdk-17.0.2\bin\freetype.dll
0x00007fff864b0000 - 0x00007fff86558000 	C:\Program Files\Java\jdk-17.0.2\bin\fontmanager.dll
0x00007fff919b0000 - 0x00007fff91aa9000 	C:\WINDOWS\SYSTEM32\textinputframework.dll
0x00007fffb9d00000 - 0x00007fffba05e000 	C:\WINDOWS\System32\CoreUIComponents.dll
0x00007fffba060000 - 0x00007fffba152000 	C:\WINDOWS\System32\CoreMessaging.dll
0x00007fffb9520000 - 0x00007fffb9674000 	C:\WINDOWS\SYSTEM32\wintypes.dll
0x00007fffa5180000 - 0x00007fffa5230000 	C:\WINDOWS\WinSxS\amd64_microsoft.windows.common-controls_6595b64144ccf1df_5.82.19041.1110_none_792d1c772443f647\comctl32.dll
0x00007fffbf370000 - 0x00007fffbf419000 	C:\WINDOWS\System32\clbcatq.dll
0x00007fffb8310000 - 0x00007fffb8406000 	C:\WINDOWS\SYSTEM32\PROPSYS.dll
0x00007fff7f0a0000 - 0x00007fff7f0b7000 	C:\WINDOWS\system32\NetworkExplorer.dll
0x00007fffb85a0000 - 0x00007fffb85bd000 	C:\WINDOWS\SYSTEM32\MPR.dll
0x00007fffb2540000 - 0x00007fffb255d000 	C:\WINDOWS\System32\p9np.dll
0x00007fffb8460000 - 0x00007fffb846b000 	C:\WINDOWS\System32\drprov.dll
0x00007fffbc5d0000 - 0x00007fffbc62a000 	C:\WINDOWS\System32\WINSTA.dll
0x00007fffa6750000 - 0x00007fffa6771000 	C:\WINDOWS\System32\ntlanman.dll
0x00007fffb2440000 - 0x00007fffb245e000 	C:\WINDOWS\System32\davclnt.dll
0x00007fffb7d20000 - 0x00007fffb7d2d000 	C:\WINDOWS\System32\DAVHLPR.dll
0x00007fffbbd00000 - 0x00007fffbbd19000 	C:\WINDOWS\System32\wkscli.dll
0x00007fffa0440000 - 0x00007fffa0452000 	C:\WINDOWS\SYSTEM32\cscapi.dll
0x00007fffbc130000 - 0x00007fffbc13c000 	C:\WINDOWS\System32\netutils.dll
0x00007fffa0210000 - 0x00007fffa0266000 	C:\Windows\System32\dlnashext.dll
0x00007fff8d110000 - 0x00007fff8d174000 	C:\Windows\System32\PlayToDevice.dll
0x00007fff99b80000 - 0x00007fff99ba0000 	C:\Windows\System32\DevDispItemProvider.dll
0x00007fffb5bf0000 - 0x00007fffb5c75000 	C:\WINDOWS\System32\MMDevApi.dll
0x00007fff80670000 - 0x00007fff80711000 	C:\WINDOWS\system32\wpdshext.dll
0x00007fffa4970000 - 0x00007fffa4b19000 	C:\WINDOWS\WinSxS\amd64_microsoft.windows.gdiplus_6595b64144ccf1df_1.1.19041.1466_none_91a4907ccc87e3b8\gdiplus.dll
0x00007fffb7440000 - 0x00007fffb74e3000 	C:\Windows\System32\PortableDeviceApi.dll
0x00007fffbeef0000 - 0x00007fffbf362000 	C:\WINDOWS\System32\SETUPAPI.dll
0x00007fffb5910000 - 0x00007fffb5942000 	C:\Windows\System32\PortableDeviceTypes.dll
0x00007fffa62e0000 - 0x00007fffa6317000 	C:\Windows\System32\EhStorShell.dll
0x00007fffa0290000 - 0x00007fffa02b6000 	C:\Windows\System32\EhStorAPI.dll
0x00007fffb8650000 - 0x00007fffb8664000 	C:\Windows\System32\WTSAPI32.dll
0x00007fffa67a0000 - 0x00007fffa67ad000 	C:\WINDOWS\SYSTEM32\LINKINFO.dll
0x00007fffaaa00000 - 0x00007fffaabeb000 	C:\WINDOWS\SYSTEM32\urlmon.dll
0x00007fffaad90000 - 0x00007fffaadb8000 	C:\WINDOWS\SYSTEM32\srvcli.dll
0x00007fffafbc0000 - 0x00007fffafe71000 	C:\WINDOWS\SYSTEM32\iertutil.dll
0x00007fffb6210000 - 0x00007fffb63c4000 	C:\WINDOWS\SYSTEM32\WindowsCodecs.dll
0x00007fffa9b80000 - 0x00007fffa9bbe000 	C:\WINDOWS\system32\dataexchange.dll
0x00007fffb9680000 - 0x00007fffb9865000 	C:\WINDOWS\system32\dcomp.dll
0x00007fffb8890000 - 0x00007fffb8af4000 	C:\WINDOWS\system32\d3d11.dll
0x00007fffbb500000 - 0x00007fffbb5f4000 	C:\WINDOWS\system32\dxgi.dll
0x00007fffb7190000 - 0x00007fffb7391000 	C:\WINDOWS\system32\twinapi.appcore.dll
0x00007fffb6bc0000 - 0x00007fffb6bd0000 	C:\Program Files\Java\jdk-17.0.2\bin\verify.dll

dbghelp: loaded successfully - version: 4.0.5 - missing functions: none
symbol engine: initialized successfully - sym options: 0x614 - pdb path: .;C:\Program Files\Java\jdk-17.0.2\bin;C:\WINDOWS\SYSTEM32;C:\WINDOWS\WinSxS\amd64_microsoft.windows.common-controls_6595b64144ccf1df_6.0.19041.1110_none_60b5254171f9507e;C:\Program Files\Java\jdk-17.0.2\bin\server;C:\WINDOWS\System32\DriverStore\FileRepository\nv_desktop_ref4i.inf_amd64_6ac872c5932b6bd5;C:\WINDOWS\WinSxS\amd64_microsoft.windows.common-controls_6595b64144ccf1df_5.82.19041.1110_none_792d1c772443f647;C:\WINDOWS\WinSxS\amd64_microsoft.windows.gdiplus_6595b64144ccf1df_1.1.19041.1466_none_91a4907ccc87e3b8

VM Arguments:
jvm_args: -agentlib:jdwp=transport=dt_socket,server=n,suspend=y,address=localhost:62363 --enable-preview -XX:+ShowCodeDetailsInExceptionMessages 
java_command: com.margozzi.ancestry.Utility
java_class_path (initial): C:\Users\Dad\AppData\Roaming\Code\User\workspaceStorage\718fbfad39379f2325e702128a26ceea\redhat.java\jdt_ws\ancestry-utility_38c25759\bin;c:\src\ancestry-utility\lib\commons-codec-1.15.jar;c:\src\ancestry-utility\lib\commons-lang3-3.11.jar;c:\src\ancestry-utility\lib\lucene-analyzers-common-7.3.1.jar;c:\src\ancestry-utility\lib\commons-text-1.9.jar;c:\src\ancestry-utility\lib\fuzzy-matcher.jar;c:\src\ancestry-utility\lib\lucene-core-7.3.1.jar;c:\src\ancestry-utility\lib\commons-collections4-4.4.jar;c:\src\ancestry-utility\lib\slf4j-api-1.7.32.jar;c:\src\ancestry-utility\lib\fuzzy-matcher-1.2.0.jar
Launcher Type: SUN_STANDARD

[Global flags]
     intx CICompilerCount                          = 4                                         {product} {ergonomic}
     uint ConcGCThreads                            = 2                                         {product} {ergonomic}
     uint G1ConcRefinementThreads                  = 8                                         {product} {ergonomic}
   size_t G1HeapRegionSize                         = 1048576                                   {product} {ergonomic}
    uintx GCDrainStackTargetSize                   = 64                                        {product} {ergonomic}
   size_t InitialHeapSize                          = 134217728                                 {product} {ergonomic}
   size_t MarkStackSize                            = 4194304                                   {product} {ergonomic}
   size_t MaxHeapSize                              = 2126512128                                {product} {ergonomic}
   size_t MaxNewSize                               = 1275068416                                {product} {ergonomic}
   size_t MinHeapDeltaBytes                        = 1048576                                   {product} {ergonomic}
   size_t MinHeapSize                              = 8388608                                   {product} {ergonomic}
    uintx NonNMethodCodeHeapSize                   = 5839372                                {pd product} {ergonomic}
    uintx NonProfiledCodeHeapSize                  = 122909434                              {pd product} {ergonomic}
    uintx ProfiledCodeHeapSize                     = 122909434                              {pd product} {ergonomic}
    uintx ReservedCodeCacheSize                    = 251658240                              {pd product} {ergonomic}
     bool SegmentedCodeCache                       = true                                      {product} {ergonomic}
     bool ShowCodeDetailsInExceptionMessages       = true                                   {manageable} {command line}
   size_t SoftMaxHeapSize                          = 2126512128                             {manageable} {ergonomic}
     bool UseCompressedClassPointers               = true                           {product lp64_product} {ergonomic}
     bool UseCompressedOops                        = true                           {product lp64_product} {ergonomic}
     bool UseG1GC                                  = true                                      {product} {ergonomic}
     bool UseLargePagesIndividualAllocation        = false                                  {pd product} {ergonomic}

Logging:
Log output configuration:
 #0: stdout all=warning uptime,level,tags
 #1: stderr all=off uptime,level,tags

Environment Variables:
PATH=C:\Program Files\Common Files\Oracle\Java\javapath;C:\ProgramData\Oracle\Java\javapath;C:\Program Files (x86)\NVIDIA Corporation\PhysX\Common;C:\Program Files\Common Files\Microsoft Shared\Windows Live;C:\Program Files (x86)\Common Files\Microsoft Shared\Windows Live;c:\Program Files (x86)\Intel\iCLS Client\;c:\Program Files\Intel\iCLS Client\;C:\WINDOWS\system32;C:\WINDOWS;C:\WINDOWS\System32\Wbem;C:\WINDOWS\System32\WindowsPowerShell\v1.0\;C:\Program Files (x86)\Intel\OpenCL SDK\3.0\bin\x86;C:\Program Files (x86)\Intel\OpenCL SDK\3.0\bin\x64;c:\MinGw\bin;C:\Program Files (x86)\Java\jre7\bin;C:\Program Files (x86)\Intel\Intel(R) Management Engine Components\DAL;C:\Program Files\Intel\Intel(R) Management Engine Components\DAL;C:\Program Files (x86)\Intel\Intel(R) Management Engine Components\IPT;C:\Program Files\Intel\Intel(R) Management Engine Components\IPT;C:\Program Files (x86)\Windows Live\Shared;C:\Users\Dad\bin\Sencha\Cmd\6.5.0.180;C:\WINDOWS\System32\OpenSSH\;C:\Program Files\nodejs\;C:\Program Files\Git\cmd;C:\Program Files\Docker\Docker\resources\bin;C:\ProgramData\DockerDesktop\version-bin;C:\Users\Dad\AppData\Local\Microsoft\WindowsApps;C:\Users\Dad\AppData\Roaming\npm;C:\Users\Dad\AppData\Local\Programs\Microsoft VS Code\bin;C:\Users\Dad\AppData\Local\Google\Cloud SDK\google-cloud-sdk\bin;C:\apache-maven-3.8.4\bin;
USERNAME=Dad
LANG=en_US.UTF-8
OS=Windows_NT
PROCESSOR_IDENTIFIER=Intel64 Family 6 Model 60 Stepping 3, GenuineIntel



---------------  S Y S T E M  ---------------

OS:
 Windows 10 , 64 bit Build 19041 (10.0.19041.1503)
OS uptime: 5 days 4:15 hours
Hyper-V role detected

CPU: total 8 (initial active 8) (4 cores per cpu, 2 threads per core) family 6 model 60 stepping 3 microcode 0x27, cx8, cmov, fxsr, ht, mmx, sse, sse2, sse3, ssse3, sse4.1, sse4.2, popcnt, lzcnt, tsc, tscinvbit, avx, avx2, aes, erms, clmul, bmi1, bmi2, fma, vzeroupper, clflush, hv

Memory: 4k page, system-wide physical 8108M (354M free)
TotalPageFile size 32684M (AvailPageFile size 0M)
current process WorkingSet (physical memory assigned to process): 379M, peak: 390M
current process commit charge ("private bytes"): 558M, peak: 566M

vm_info: Java HotSpot(TM) 64-Bit Server VM (17.0.2+8-LTS-86) for windows-amd64 JRE (17.0.2+8-LTS-86), built on Dec  7 2021 21:51:03 by "mach5one" with MS VC++ 16.8 / 16.9 (VS2019)

END.
