#
# There is insufficient memory for the Java Runtime Environment to continue.
# Native memory allocation (malloc) failed to allocate 793248 bytes for Chunk::new
# Possible reasons:
#   The system is out of physical RAM or swap space
#   The process is running with CompressedOops enabled, and the Java Heap may be blocking the growth of the native heap
# Possible solutions:
#   Reduce memory load on the system
#   Increase physical memory or swap space
#   Check if swap backing store is full
#   Decrease Java heap size (-Xmx/-Xms)
#   Decrease number of Java threads
#   Decrease Java thread stack sizes (-Xss)
#   Set larger code cache with -XX:ReservedCodeCacheSize=
#   JVM is running with Unscaled Compressed Oops mode in which the Java heap is
#     placed in the first 4GB address space. The Java Heap base address is the
#     maximum limit for the native heap growth. Please use -XX:HeapBaseMinAddress
#     to set the Java Heap base and to place the Java Heap above 4GB virtual address.
# This output file may be truncated or incomplete.
#
#  Out of Memory Error (arena.cpp:189), pid=19092, tid=18664
#
# JRE version: Java(TM) SE Runtime Environment (17.0.2+8) (build 17.0.2+8-LTS-86)
# Java VM: Java HotSpot(TM) 64-Bit Server VM (17.0.2+8-LTS-86, mixed mode, sharing, tiered, compressed oops, compressed class ptrs, g1 gc, windows-amd64)
# No core dump will be written. Minidumps are not enabled by default on client versions of Windows
#

---------------  S U M M A R Y ------------

Command Line: -agentlib:jdwp=transport=dt_socket,server=n,suspend=y,address=localhost:65297 --enable-preview -XX:+ShowCodeDetailsInExceptionMessages com.margozzi.ancestry.Utility

Host: Intel(R) Core(TM) i7-4770 CPU @ 3.40GHz, 8 cores, 7G,  Windows 10 , 64 bit Build 19041 (10.0.19041.1503)
Time: Mon Mar  7 14:55:11 2022 Pacific Standard Time elapsed time: 9.041083 seconds (0d 0h 0m 9s)

---------------  T H R E A D  ---------------

Current thread (0x0000020f8cb4aac0):  JavaThread "C2 CompilerThread1" daemon [_thread_in_native, id=18664, stack(0x00000020c8340000,0x00000020c8440000)]


Current CompileTask:
C2:   9041 2091       4       java.util.regex.Pattern::compile (500 bytes)

Stack: [0x00000020c8340000,0x00000020c8440000]
Native frames: (J=compiled Java code, j=interpreted, Vv=VM code, C=native code)
V  [jvm.dll+0x670baa]
V  [jvm.dll+0x7cfcb4]
V  [jvm.dll+0x7d145e]
V  [jvm.dll+0x7d1ac3]
V  [jvm.dll+0x242bc5]
V  [jvm.dll+0xaa57b]
V  [jvm.dll+0xaab0c]
V  [jvm.dll+0x35fd07]
V  [jvm.dll+0x32a331]
V  [jvm.dll+0x3297da]
V  [jvm.dll+0x215c91]
V  [jvm.dll+0x2150b1]
V  [jvm.dll+0x1a1bbd]
V  [jvm.dll+0x224908]
V  [jvm.dll+0x222a6c]
V  [jvm.dll+0x7859bb]
V  [jvm.dll+0x77ff7a]
V  [jvm.dll+0x66fa35]
C  [ucrtbase.dll+0x21bb2]
C  [KERNEL32.DLL+0x17034]
C  [ntdll.dll+0x52651]


---------------  P R O C E S S  ---------------

Threads class SMR info:
_java_thread_list=0x0000020f8cc0d9b0, length=25, elements={
0x0000020fffd066a0, 0x0000020fffd08430, 0x0000020fffd20250, 0x0000020fffd20b10,
0x0000020fffd213d0, 0x0000020fffd29ca0, 0x0000020fffd2de40, 0x0000020fffd2e7f0,
0x0000020fffd31100, 0x0000020f849cfe90, 0x0000020f849d3ff0, 0x0000020f849d44e0,
0x0000020f849db9f0, 0x0000020f849dd760, 0x0000020f84c2cee0, 0x0000020f84c31610,
0x0000020f84c6e660, 0x0000020f84c7e890, 0x0000020fe5bff120, 0x0000020f855e7d40,
0x0000020f855e86e0, 0x0000020f855e4d20, 0x0000020f855e6060, 0x0000020f855e51f0,
0x0000020f8cb4aac0
}

Java Threads: ( => current thread )
  0x0000020fffd066a0 JavaThread "Reference Handler" daemon [_thread_blocked, id=22204, stack(0x00000020c6500000,0x00000020c6600000)]
  0x0000020fffd08430 JavaThread "Finalizer" daemon [_thread_blocked, id=2320, stack(0x00000020c6600000,0x00000020c6700000)]
  0x0000020fffd20250 JavaThread "Signal Dispatcher" daemon [_thread_blocked, id=5060, stack(0x00000020c6700000,0x00000020c6800000)]
  0x0000020fffd20b10 JavaThread "Attach Listener" daemon [_thread_blocked, id=11100, stack(0x00000020c6800000,0x00000020c6900000)]
  0x0000020fffd213d0 JavaThread "Service Thread" daemon [_thread_blocked, id=14000, stack(0x00000020c6900000,0x00000020c6a00000)]
  0x0000020fffd29ca0 JavaThread "Monitor Deflation Thread" daemon [_thread_blocked, id=8964, stack(0x00000020c6a00000,0x00000020c6b00000)]
  0x0000020fffd2de40 JavaThread "C2 CompilerThread0" daemon [_thread_in_native, id=18100, stack(0x00000020c6b00000,0x00000020c6c00000)]
  0x0000020fffd2e7f0 JavaThread "C1 CompilerThread0" daemon [_thread_blocked, id=22624, stack(0x00000020c6c00000,0x00000020c6d00000)]
  0x0000020fffd31100 JavaThread "Sweeper thread" daemon [_thread_blocked, id=1716, stack(0x00000020c6d00000,0x00000020c6e00000)]
  0x0000020f849cfe90 JavaThread "JDWP Transport Listener: dt_socket" daemon [_thread_blocked, id=8616, stack(0x00000020c6e00000,0x00000020c6f00000)]
  0x0000020f849d3ff0 JavaThread "JDWP Event Helper Thread" daemon [_thread_blocked, id=10672, stack(0x00000020c6f00000,0x00000020c7000000)]
  0x0000020f849d44e0 JavaThread "JDWP Command Reader" daemon [_thread_in_native, id=16536, stack(0x00000020c7000000,0x00000020c7100000)]
  0x0000020f849db9f0 JavaThread "Notification Thread" daemon [_thread_blocked, id=10324, stack(0x00000020c7100000,0x00000020c7200000)]
  0x0000020f849dd760 JavaThread "Common-Cleaner" daemon [_thread_blocked, id=1304, stack(0x00000020c7300000,0x00000020c7400000)]
  0x0000020f84c2cee0 JavaThread "Java2D Disposer" daemon [_thread_blocked, id=9504, stack(0x00000020c7400000,0x00000020c7500000)]
  0x0000020f84c31610 JavaThread "AWT-Shutdown" [_thread_blocked, id=21120, stack(0x00000020c7500000,0x00000020c7600000)]
  0x0000020f84c6e660 JavaThread "AWT-Windows" daemon [_thread_in_native, id=12792, stack(0x00000020c7600000,0x00000020c7700000)]
  0x0000020f84c7e890 JavaThread "AWT-EventQueue-0" [_thread_blocked, id=12300, stack(0x00000020c7700000,0x00000020c7800000)]
  0x0000020fe5bff120 JavaThread "DestroyJavaVM" [_thread_blocked, id=2976, stack(0x00000020c5e00000,0x00000020c5f00000)]
  0x0000020f855e7d40 JavaThread "Image Fetcher 3" daemon [_thread_blocked, id=16868, stack(0x00000020c7a00000,0x00000020c7b00000)]
  0x0000020f855e86e0 JavaThread "D3D Screen Updater" daemon [_thread_blocked, id=10196, stack(0x00000020c7b00000,0x00000020c7c00000)]
  0x0000020f855e4d20 JavaThread "Swing-Shell" daemon [_thread_blocked, id=23464, stack(0x00000020c7c40000,0x00000020c7d40000)]
  0x0000020f855e6060 JavaThread "TimerQueue" daemon [_thread_blocked, id=20664, stack(0x00000020c8140000,0x00000020c8240000)]
  0x0000020f855e51f0 JavaThread "Thread-0" [_thread_in_native, id=22140, stack(0x00000020c8240000,0x00000020c8340000)]
=>0x0000020f8cb4aac0 JavaThread "C2 CompilerThread1" daemon [_thread_in_native, id=18664, stack(0x00000020c8340000,0x00000020c8440000)]

Other Threads:
  0x0000020fffd022e0 VMThread "VM Thread" [stack: 0x00000020c6400000,0x00000020c6500000] [id=10704]
  0x0000020f849dc0b0 WatcherThread [stack: 0x00000020c7200000,0x00000020c7300000] [id=15116]
  0x0000020fe5c3cab0 GCTaskThread "GC Thread#0" [stack: 0x00000020c5f00000,0x00000020c6000000] [id=2612]
  0x0000020fe5c4e690 ConcurrentGCThread "G1 Main Marker" [stack: 0x00000020c6000000,0x00000020c6100000] [id=5408]
  0x0000020fe5c4efb0 ConcurrentGCThread "G1 Conc#0" [stack: 0x00000020c6100000,0x00000020c6200000] [id=11576]
  0x0000020fe5cdb930 ConcurrentGCThread "G1 Refine#0" [stack: 0x00000020c6200000,0x00000020c6300000] [id=20180]
  0x0000020fe5cdc260 ConcurrentGCThread "G1 Service" [stack: 0x00000020c6300000,0x00000020c6400000] [id=15444]

Threads with active compile tasks:
C2 CompilerThread0     9083 2033       4       java.lang.String::split (327 bytes)
C2 CompilerThread1     9083 2091       4       java.util.regex.Pattern::compile (500 bytes)

VM state: not at safepoint (normal execution)

VM Mutex/Monitor currently owned by a thread: None

Heap address: 0x0000000081400000, size: 2028 MB, Compressed Oops mode: 32-bit

CDS archive(s) mapped at: [0x0000000800000000-0x0000000800bc0000-0x0000000800bc0000), size 12320768, SharedBaseAddress: 0x0000000800000000, ArchiveRelocationMode: 0.
Compressed class space mapped at: 0x0000000800c00000-0x0000000840c00000, reserved size: 1073741824
Narrow klass base: 0x0000000800000000, Narrow klass shift: 0, Narrow klass range: 0x100000000

GC Precious Log:
 CPUs: 8 total, 8 available
 Memory: 8108M
 Large Page Support: Disabled
 NUMA Support: Disabled
 Compressed Oops: Enabled (32-bit)
 Heap Region Size: 1M
 Heap Min Capacity: 8M
 Heap Initial Capacity: 128M
 Heap Max Capacity: 2028M
 Pre-touch: Disabled
 Parallel Workers: 8
 Concurrent Workers: 2
 Concurrent Refinement Workers: 8
 Periodic GC: Disabled

Heap:
 garbage-first heap   total 131072K, used 22528K [0x0000000081400000, 0x0000000100000000)
  region size 1024K, 23 young (23552K), 0 survivors (0K)
 Metaspace       used 12274K, committed 12480K, reserved 1064960K
  class space    used 1435K, committed 1536K, reserved 1048576K

Heap Regions: E=young(eden), S=young(survivor), O=old, HS=humongous(starts), HC=humongous(continues), CS=collection set, F=free, OA=open archive, CA=closed archive, TAMS=top-at-mark-start (previous, next)
|   0|0x0000000081400000, 0x0000000081400000, 0x0000000081500000|  0%| F|  |TAMS 0x0000000081400000, 0x0000000081400000| Untracked 
|   1|0x0000000081500000, 0x0000000081500000, 0x0000000081600000|  0%| F|  |TAMS 0x0000000081500000, 0x0000000081500000| Untracked 
|   2|0x0000000081600000, 0x0000000081600000, 0x0000000081700000|  0%| F|  |TAMS 0x0000000081600000, 0x0000000081600000| Untracked 
|   3|0x0000000081700000, 0x0000000081700000, 0x0000000081800000|  0%| F|  |TAMS 0x0000000081700000, 0x0000000081700000| Untracked 
|   4|0x0000000081800000, 0x0000000081800000, 0x0000000081900000|  0%| F|  |TAMS 0x0000000081800000, 0x0000000081800000| Untracked 
|   5|0x0000000081900000, 0x0000000081900000, 0x0000000081a00000|  0%| F|  |TAMS 0x0000000081900000, 0x0000000081900000| Untracked 
|   6|0x0000000081a00000, 0x0000000081a00000, 0x0000000081b00000|  0%| F|  |TAMS 0x0000000081a00000, 0x0000000081a00000| Untracked 
|   7|0x0000000081b00000, 0x0000000081b00000, 0x0000000081c00000|  0%| F|  |TAMS 0x0000000081b00000, 0x0000000081b00000| Untracked 
|   8|0x0000000081c00000, 0x0000000081c00000, 0x0000000081d00000|  0%| F|  |TAMS 0x0000000081c00000, 0x0000000081c00000| Untracked 
|   9|0x0000000081d00000, 0x0000000081d00000, 0x0000000081e00000|  0%| F|  |TAMS 0x0000000081d00000, 0x0000000081d00000| Untracked 
|  10|0x0000000081e00000, 0x0000000081e00000, 0x0000000081f00000|  0%| F|  |TAMS 0x0000000081e00000, 0x0000000081e00000| Untracked 
|  11|0x0000000081f00000, 0x0000000081f00000, 0x0000000082000000|  0%| F|  |TAMS 0x0000000081f00000, 0x0000000081f00000| Untracked 
|  12|0x0000000082000000, 0x0000000082000000, 0x0000000082100000|  0%| F|  |TAMS 0x0000000082000000, 0x0000000082000000| Untracked 
|  13|0x0000000082100000, 0x0000000082100000, 0x0000000082200000|  0%| F|  |TAMS 0x0000000082100000, 0x0000000082100000| Untracked 
|  14|0x0000000082200000, 0x0000000082200000, 0x0000000082300000|  0%| F|  |TAMS 0x0000000082200000, 0x0000000082200000| Untracked 
|  15|0x0000000082300000, 0x0000000082300000, 0x0000000082400000|  0%| F|  |TAMS 0x0000000082300000, 0x0000000082300000| Untracked 
|  16|0x0000000082400000, 0x0000000082400000, 0x0000000082500000|  0%| F|  |TAMS 0x0000000082400000, 0x0000000082400000| Untracked 
|  17|0x0000000082500000, 0x0000000082500000, 0x0000000082600000|  0%| F|  |TAMS 0x0000000082500000, 0x0000000082500000| Untracked 
|  18|0x0000000082600000, 0x0000000082600000, 0x0000000082700000|  0%| F|  |TAMS 0x0000000082600000, 0x0000000082600000| Untracked 
|  19|0x0000000082700000, 0x0000000082700000, 0x0000000082800000|  0%| F|  |TAMS 0x0000000082700000, 0x0000000082700000| Untracked 
|  20|0x0000000082800000, 0x0000000082800000, 0x0000000082900000|  0%| F|  |TAMS 0x0000000082800000, 0x0000000082800000| Untracked 
|  21|0x0000000082900000, 0x0000000082900000, 0x0000000082a00000|  0%| F|  |TAMS 0x0000000082900000, 0x0000000082900000| Untracked 
|  22|0x0000000082a00000, 0x0000000082a00000, 0x0000000082b00000|  0%| F|  |TAMS 0x0000000082a00000, 0x0000000082a00000| Untracked 
|  23|0x0000000082b00000, 0x0000000082b00000, 0x0000000082c00000|  0%| F|  |TAMS 0x0000000082b00000, 0x0000000082b00000| Untracked 
|  24|0x0000000082c00000, 0x0000000082c00000, 0x0000000082d00000|  0%| F|  |TAMS 0x0000000082c00000, 0x0000000082c00000| Untracked 
|  25|0x0000000082d00000, 0x0000000082d00000, 0x0000000082e00000|  0%| F|  |TAMS 0x0000000082d00000, 0x0000000082d00000| Untracked 
|  26|0x0000000082e00000, 0x0000000082e00000, 0x0000000082f00000|  0%| F|  |TAMS 0x0000000082e00000, 0x0000000082e00000| Untracked 
|  27|0x0000000082f00000, 0x0000000082f00000, 0x0000000083000000|  0%| F|  |TAMS 0x0000000082f00000, 0x0000000082f00000| Untracked 
|  28|0x0000000083000000, 0x0000000083000000, 0x0000000083100000|  0%| F|  |TAMS 0x0000000083000000, 0x0000000083000000| Untracked 
|  29|0x0000000083100000, 0x0000000083100000, 0x0000000083200000|  0%| F|  |TAMS 0x0000000083100000, 0x0000000083100000| Untracked 
|  30|0x0000000083200000, 0x0000000083200000, 0x0000000083300000|  0%| F|  |TAMS 0x0000000083200000, 0x0000000083200000| Untracked 
|  31|0x0000000083300000, 0x0000000083300000, 0x0000000083400000|  0%| F|  |TAMS 0x0000000083300000, 0x0000000083300000| Untracked 
|  32|0x0000000083400000, 0x0000000083400000, 0x0000000083500000|  0%| F|  |TAMS 0x0000000083400000, 0x0000000083400000| Untracked 
|  33|0x0000000083500000, 0x0000000083500000, 0x0000000083600000|  0%| F|  |TAMS 0x0000000083500000, 0x0000000083500000| Untracked 
|  34|0x0000000083600000, 0x0000000083600000, 0x0000000083700000|  0%| F|  |TAMS 0x0000000083600000, 0x0000000083600000| Untracked 
|  35|0x0000000083700000, 0x0000000083700000, 0x0000000083800000|  0%| F|  |TAMS 0x0000000083700000, 0x0000000083700000| Untracked 
|  36|0x0000000083800000, 0x0000000083800000, 0x0000000083900000|  0%| F|  |TAMS 0x0000000083800000, 0x0000000083800000| Untracked 
|  37|0x0000000083900000, 0x0000000083900000, 0x0000000083a00000|  0%| F|  |TAMS 0x0000000083900000, 0x0000000083900000| Untracked 
|  38|0x0000000083a00000, 0x0000000083a00000, 0x0000000083b00000|  0%| F|  |TAMS 0x0000000083a00000, 0x0000000083a00000| Untracked 
|  39|0x0000000083b00000, 0x0000000083b00000, 0x0000000083c00000|  0%| F|  |TAMS 0x0000000083b00000, 0x0000000083b00000| Untracked 
|  40|0x0000000083c00000, 0x0000000083c00000, 0x0000000083d00000|  0%| F|  |TAMS 0x0000000083c00000, 0x0000000083c00000| Untracked 
|  41|0x0000000083d00000, 0x0000000083d00000, 0x0000000083e00000|  0%| F|  |TAMS 0x0000000083d00000, 0x0000000083d00000| Untracked 
|  42|0x0000000083e00000, 0x0000000083e00000, 0x0000000083f00000|  0%| F|  |TAMS 0x0000000083e00000, 0x0000000083e00000| Untracked 
|  43|0x0000000083f00000, 0x0000000083f00000, 0x0000000084000000|  0%| F|  |TAMS 0x0000000083f00000, 0x0000000083f00000| Untracked 
|  44|0x0000000084000000, 0x0000000084000000, 0x0000000084100000|  0%| F|  |TAMS 0x0000000084000000, 0x0000000084000000| Untracked 
|  45|0x0000000084100000, 0x0000000084100000, 0x0000000084200000|  0%| F|  |TAMS 0x0000000084100000, 0x0000000084100000| Untracked 
|  46|0x0000000084200000, 0x0000000084200000, 0x0000000084300000|  0%| F|  |TAMS 0x0000000084200000, 0x0000000084200000| Untracked 
|  47|0x0000000084300000, 0x0000000084300000, 0x0000000084400000|  0%| F|  |TAMS 0x0000000084300000, 0x0000000084300000| Untracked 
|  48|0x0000000084400000, 0x0000000084400000, 0x0000000084500000|  0%| F|  |TAMS 0x0000000084400000, 0x0000000084400000| Untracked 
|  49|0x0000000084500000, 0x0000000084500000, 0x0000000084600000|  0%| F|  |TAMS 0x0000000084500000, 0x0000000084500000| Untracked 
|  50|0x0000000084600000, 0x0000000084600000, 0x0000000084700000|  0%| F|  |TAMS 0x0000000084600000, 0x0000000084600000| Untracked 
|  51|0x0000000084700000, 0x0000000084700000, 0x0000000084800000|  0%| F|  |TAMS 0x0000000084700000, 0x0000000084700000| Untracked 
|  52|0x0000000084800000, 0x0000000084800000, 0x0000000084900000|  0%| F|  |TAMS 0x0000000084800000, 0x0000000084800000| Untracked 
|  53|0x0000000084900000, 0x0000000084900000, 0x0000000084a00000|  0%| F|  |TAMS 0x0000000084900000, 0x0000000084900000| Untracked 
|  54|0x0000000084a00000, 0x0000000084a00000, 0x0000000084b00000|  0%| F|  |TAMS 0x0000000084a00000, 0x0000000084a00000| Untracked 
|  55|0x0000000084b00000, 0x0000000084b00000, 0x0000000084c00000|  0%| F|  |TAMS 0x0000000084b00000, 0x0000000084b00000| Untracked 
|  56|0x0000000084c00000, 0x0000000084c00000, 0x0000000084d00000|  0%| F|  |TAMS 0x0000000084c00000, 0x0000000084c00000| Untracked 
|  57|0x0000000084d00000, 0x0000000084d00000, 0x0000000084e00000|  0%| F|  |TAMS 0x0000000084d00000, 0x0000000084d00000| Untracked 
|  58|0x0000000084e00000, 0x0000000084e00000, 0x0000000084f00000|  0%| F|  |TAMS 0x0000000084e00000, 0x0000000084e00000| Untracked 
|  59|0x0000000084f00000, 0x0000000084f00000, 0x0000000085000000|  0%| F|  |TAMS 0x0000000084f00000, 0x0000000084f00000| Untracked 
|  60|0x0000000085000000, 0x0000000085000000, 0x0000000085100000|  0%| F|  |TAMS 0x0000000085000000, 0x0000000085000000| Untracked 
|  61|0x0000000085100000, 0x0000000085100000, 0x0000000085200000|  0%| F|  |TAMS 0x0000000085100000, 0x0000000085100000| Untracked 
|  62|0x0000000085200000, 0x0000000085200000, 0x0000000085300000|  0%| F|  |TAMS 0x0000000085200000, 0x0000000085200000| Untracked 
|  63|0x0000000085300000, 0x0000000085300000, 0x0000000085400000|  0%| F|  |TAMS 0x0000000085300000, 0x0000000085300000| Untracked 
|  64|0x0000000085400000, 0x0000000085400000, 0x0000000085500000|  0%| F|  |TAMS 0x0000000085400000, 0x0000000085400000| Untracked 
|  65|0x0000000085500000, 0x0000000085500000, 0x0000000085600000|  0%| F|  |TAMS 0x0000000085500000, 0x0000000085500000| Untracked 
|  66|0x0000000085600000, 0x0000000085600000, 0x0000000085700000|  0%| F|  |TAMS 0x0000000085600000, 0x0000000085600000| Untracked 
|  67|0x0000000085700000, 0x0000000085700000, 0x0000000085800000|  0%| F|  |TAMS 0x0000000085700000, 0x0000000085700000| Untracked 
|  68|0x0000000085800000, 0x0000000085800000, 0x0000000085900000|  0%| F|  |TAMS 0x0000000085800000, 0x0000000085800000| Untracked 
|  69|0x0000000085900000, 0x0000000085900000, 0x0000000085a00000|  0%| F|  |TAMS 0x0000000085900000, 0x0000000085900000| Untracked 
|  70|0x0000000085a00000, 0x0000000085a00000, 0x0000000085b00000|  0%| F|  |TAMS 0x0000000085a00000, 0x0000000085a00000| Untracked 
|  71|0x0000000085b00000, 0x0000000085b00000, 0x0000000085c00000|  0%| F|  |TAMS 0x0000000085b00000, 0x0000000085b00000| Untracked 
|  72|0x0000000085c00000, 0x0000000085c00000, 0x0000000085d00000|  0%| F|  |TAMS 0x0000000085c00000, 0x0000000085c00000| Untracked 
|  73|0x0000000085d00000, 0x0000000085d00000, 0x0000000085e00000|  0%| F|  |TAMS 0x0000000085d00000, 0x0000000085d00000| Untracked 
|  74|0x0000000085e00000, 0x0000000085e00000, 0x0000000085f00000|  0%| F|  |TAMS 0x0000000085e00000, 0x0000000085e00000| Untracked 
|  75|0x0000000085f00000, 0x0000000085f00000, 0x0000000086000000|  0%| F|  |TAMS 0x0000000085f00000, 0x0000000085f00000| Untracked 
|  76|0x0000000086000000, 0x0000000086000000, 0x0000000086100000|  0%| F|  |TAMS 0x0000000086000000, 0x0000000086000000| Untracked 
|  77|0x0000000086100000, 0x0000000086100000, 0x0000000086200000|  0%| F|  |TAMS 0x0000000086100000, 0x0000000086100000| Untracked 
|  78|0x0000000086200000, 0x0000000086200000, 0x0000000086300000|  0%| F|  |TAMS 0x0000000086200000, 0x0000000086200000| Untracked 
|  79|0x0000000086300000, 0x0000000086300000, 0x0000000086400000|  0%| F|  |TAMS 0x0000000086300000, 0x0000000086300000| Untracked 
|  80|0x0000000086400000, 0x0000000086400000, 0x0000000086500000|  0%| F|  |TAMS 0x0000000086400000, 0x0000000086400000| Untracked 
|  81|0x0000000086500000, 0x0000000086500000, 0x0000000086600000|  0%| F|  |TAMS 0x0000000086500000, 0x0000000086500000| Untracked 
|  82|0x0000000086600000, 0x0000000086600000, 0x0000000086700000|  0%| F|  |TAMS 0x0000000086600000, 0x0000000086600000| Untracked 
|  83|0x0000000086700000, 0x0000000086700000, 0x0000000086800000|  0%| F|  |TAMS 0x0000000086700000, 0x0000000086700000| Untracked 
|  84|0x0000000086800000, 0x0000000086800000, 0x0000000086900000|  0%| F|  |TAMS 0x0000000086800000, 0x0000000086800000| Untracked 
|  85|0x0000000086900000, 0x0000000086900000, 0x0000000086a00000|  0%| F|  |TAMS 0x0000000086900000, 0x0000000086900000| Untracked 
|  86|0x0000000086a00000, 0x0000000086a00000, 0x0000000086b00000|  0%| F|  |TAMS 0x0000000086a00000, 0x0000000086a00000| Untracked 
|  87|0x0000000086b00000, 0x0000000086b00000, 0x0000000086c00000|  0%| F|  |TAMS 0x0000000086b00000, 0x0000000086b00000| Untracked 
|  88|0x0000000086c00000, 0x0000000086c00000, 0x0000000086d00000|  0%| F|  |TAMS 0x0000000086c00000, 0x0000000086c00000| Untracked 
|  89|0x0000000086d00000, 0x0000000086d00000, 0x0000000086e00000|  0%| F|  |TAMS 0x0000000086d00000, 0x0000000086d00000| Untracked 
|  90|0x0000000086e00000, 0x0000000086e00000, 0x0000000086f00000|  0%| F|  |TAMS 0x0000000086e00000, 0x0000000086e00000| Untracked 
|  91|0x0000000086f00000, 0x0000000086f00000, 0x0000000087000000|  0%| F|  |TAMS 0x0000000086f00000, 0x0000000086f00000| Untracked 
|  92|0x0000000087000000, 0x0000000087000000, 0x0000000087100000|  0%| F|  |TAMS 0x0000000087000000, 0x0000000087000000| Untracked 
|  93|0x0000000087100000, 0x0000000087100000, 0x0000000087200000|  0%| F|  |TAMS 0x0000000087100000, 0x0000000087100000| Untracked 
|  94|0x0000000087200000, 0x0000000087200000, 0x0000000087300000|  0%| F|  |TAMS 0x0000000087200000, 0x0000000087200000| Untracked 
|  95|0x0000000087300000, 0x0000000087300000, 0x0000000087400000|  0%| F|  |TAMS 0x0000000087300000, 0x0000000087300000| Untracked 
|  96|0x0000000087400000, 0x0000000087400000, 0x0000000087500000|  0%| F|  |TAMS 0x0000000087400000, 0x0000000087400000| Untracked 
|  97|0x0000000087500000, 0x0000000087500000, 0x0000000087600000|  0%| F|  |TAMS 0x0000000087500000, 0x0000000087500000| Untracked 
|  98|0x0000000087600000, 0x0000000087600000, 0x0000000087700000|  0%| F|  |TAMS 0x0000000087600000, 0x0000000087600000| Untracked 
|  99|0x0000000087700000, 0x0000000087700000, 0x0000000087800000|  0%| F|  |TAMS 0x0000000087700000, 0x0000000087700000| Untracked 
| 100|0x0000000087800000, 0x0000000087800000, 0x0000000087900000|  0%| F|  |TAMS 0x0000000087800000, 0x0000000087800000| Untracked 
| 101|0x0000000087900000, 0x0000000087900000, 0x0000000087a00000|  0%| F|  |TAMS 0x0000000087900000, 0x0000000087900000| Untracked 
| 102|0x0000000087a00000, 0x0000000087a00000, 0x0000000087b00000|  0%| F|  |TAMS 0x0000000087a00000, 0x0000000087a00000| Untracked 
| 103|0x0000000087b00000, 0x0000000087b00000, 0x0000000087c00000|  0%| F|  |TAMS 0x0000000087b00000, 0x0000000087b00000| Untracked 
| 104|0x0000000087c00000, 0x0000000087c00000, 0x0000000087d00000|  0%| F|  |TAMS 0x0000000087c00000, 0x0000000087c00000| Untracked 
| 105|0x0000000087d00000, 0x0000000087e00000, 0x0000000087e00000|100%| E|  |TAMS 0x0000000087d00000, 0x0000000087d00000| Complete 
| 106|0x0000000087e00000, 0x0000000087f00000, 0x0000000087f00000|100%| E|CS|TAMS 0x0000000087e00000, 0x0000000087e00000| Complete 
| 107|0x0000000087f00000, 0x0000000088000000, 0x0000000088000000|100%| E|CS|TAMS 0x0000000087f00000, 0x0000000087f00000| Complete 
| 108|0x0000000088000000, 0x0000000088100000, 0x0000000088100000|100%| E|CS|TAMS 0x0000000088000000, 0x0000000088000000| Complete 
| 109|0x0000000088100000, 0x0000000088200000, 0x0000000088200000|100%| E|CS|TAMS 0x0000000088100000, 0x0000000088100000| Complete 
| 110|0x0000000088200000, 0x0000000088300000, 0x0000000088300000|100%| E|CS|TAMS 0x0000000088200000, 0x0000000088200000| Complete 
| 111|0x0000000088300000, 0x0000000088400000, 0x0000000088400000|100%| E|CS|TAMS 0x0000000088300000, 0x0000000088300000| Complete 
| 112|0x0000000088400000, 0x0000000088500000, 0x0000000088500000|100%| E|CS|TAMS 0x0000000088400000, 0x0000000088400000| Complete 
| 113|0x0000000088500000, 0x0000000088600000, 0x0000000088600000|100%| E|CS|TAMS 0x0000000088500000, 0x0000000088500000| Complete 
| 114|0x0000000088600000, 0x0000000088700000, 0x0000000088700000|100%| E|CS|TAMS 0x0000000088600000, 0x0000000088600000| Complete 
| 115|0x0000000088700000, 0x0000000088800000, 0x0000000088800000|100%| E|CS|TAMS 0x0000000088700000, 0x0000000088700000| Complete 
| 116|0x0000000088800000, 0x0000000088900000, 0x0000000088900000|100%| E|CS|TAMS 0x0000000088800000, 0x0000000088800000| Complete 
| 117|0x0000000088900000, 0x0000000088a00000, 0x0000000088a00000|100%| E|CS|TAMS 0x0000000088900000, 0x0000000088900000| Complete 
| 118|0x0000000088a00000, 0x0000000088b00000, 0x0000000088b00000|100%| E|CS|TAMS 0x0000000088a00000, 0x0000000088a00000| Complete 
| 119|0x0000000088b00000, 0x0000000088c00000, 0x0000000088c00000|100%| E|CS|TAMS 0x0000000088b00000, 0x0000000088b00000| Complete 
| 120|0x0000000088c00000, 0x0000000088d00000, 0x0000000088d00000|100%| E|CS|TAMS 0x0000000088c00000, 0x0000000088c00000| Complete 
| 121|0x0000000088d00000, 0x0000000088e00000, 0x0000000088e00000|100%| E|CS|TAMS 0x0000000088d00000, 0x0000000088d00000| Complete 
| 122|0x0000000088e00000, 0x0000000088f00000, 0x0000000088f00000|100%| E|CS|TAMS 0x0000000088e00000, 0x0000000088e00000| Complete 
| 123|0x0000000088f00000, 0x0000000089000000, 0x0000000089000000|100%| E|CS|TAMS 0x0000000088f00000, 0x0000000088f00000| Complete 
| 124|0x0000000089000000, 0x0000000089100000, 0x0000000089100000|100%| E|CS|TAMS 0x0000000089000000, 0x0000000089000000| Complete 
| 125|0x0000000089100000, 0x0000000089200000, 0x0000000089200000|100%| E|CS|TAMS 0x0000000089100000, 0x0000000089100000| Complete 
| 126|0x0000000089200000, 0x0000000089300000, 0x0000000089300000|100%| E|CS|TAMS 0x0000000089200000, 0x0000000089200000| Complete 
| 127|0x0000000089300000, 0x0000000089400000, 0x0000000089400000|100%| E|CS|TAMS 0x0000000089300000, 0x0000000089300000| Complete 

Card table byte_map: [0x0000020ffcb90000,0x0000020ffcf90000] _byte_map_base: 0x0000020ffc786000

Marking Bits (Prev, Next): (CMBitMap*) 0x0000020fe5c3dfe0, (CMBitMap*) 0x0000020fe5c3e020
 Prev Bits: [0x0000020ffd390000, 0x0000020fff340000)
 Next Bits: [0x0000020f80000000, 0x0000020f81fb0000)

Polling page: 0x0000020fe3bf0000

Metaspace:

Usage:
  Non-class:     10.59 MB used.
      Class:      1.40 MB used.
       Both:     11.99 MB used.

Virtual space:
  Non-class space:       16.00 MB reserved,      10.69 MB ( 67%) committed,  2 nodes.
      Class space:        1.00 GB reserved,       1.50 MB ( <1%) committed,  1 nodes.
             Both:        1.02 GB reserved,      12.19 MB (  1%) committed. 

Chunk freelists:
   Non-Class:  992.00 KB
       Class:  2.49 MB
        Both:  3.46 MB

MaxMetaspaceSize: unlimited
CompressedClassSpaceSize: 1.00 GB
Initial GC threshold: 21.00 MB
Current GC threshold: 21.00 MB
CDS: on
MetaspaceReclaimPolicy: balanced
 - commit_granule_bytes: 65536.
 - commit_granule_words: 8192.
 - virtual_space_node_default_size: 1048576.
 - enlarge_chunks_in_place: 1.
 - new_chunks_are_fully_committed: 0.
 - uncommit_free_chunks: 1.
 - use_allocation_guard: 0.
 - handle_deallocations: 1.


Internal statistics:

num_allocs_failed_limit: 0.
num_arena_births: 130.
num_arena_deaths: 0.
num_vsnodes_births: 3.
num_vsnodes_deaths: 0.
num_space_committed: 195.
num_space_uncommitted: 0.
num_chunks_returned_to_freelist: 0.
num_chunks_taken_from_freelist: 187.
num_chunk_merges: 0.
num_chunk_splits: 105.
num_chunks_enlarged: 55.
num_purges: 0.
num_inconsistent_stats: 0.

CodeHeap 'non-profiled nmethods': size=120000Kb used=617Kb max_used=617Kb free=119382Kb
 bounds [0x0000020ff4f30000, 0x0000020ff51a0000, 0x0000020ffc460000]
CodeHeap 'profiled nmethods': size=120000Kb used=4171Kb max_used=4171Kb free=115828Kb
 bounds [0x0000020feda00000, 0x0000020fede20000, 0x0000020ff4f30000]
CodeHeap 'non-nmethods': size=5760Kb used=1380Kb max_used=1411Kb free=4379Kb
 bounds [0x0000020fed460000, 0x0000020fed6d0000, 0x0000020feda00000]
 total_blobs=2740 nmethods=2096 adapters=556
 compilation: enabled
              stopped_count=0, restarted_count=0
 full_count=0

Compilation events (20 events):
Event: 8.968 Thread 0x0000020fffd2e7f0 2077   !   3       sun.nio.cs.StreamEncoder::flushBuffer (42 bytes)
Event: 8.968 Thread 0x0000020fffd2e7f0 nmethod 2077 0x0000020fede0cb90 code [0x0000020fede0cd80, 0x0000020fede0d278]
Event: 8.968 Thread 0x0000020fffd2e7f0 2076  s    3       java.io.BufferedOutputStream::write (67 bytes)
Event: 8.969 Thread 0x0000020fffd2e7f0 nmethod 2076 0x0000020fede0d510 code [0x0000020fede0d720, 0x0000020fede0de98]
Event: 8.977 Thread 0x0000020f8cb4aac0 nmethod 2089 0x0000020ff4fc8f90 code [0x0000020ff4fc9160, 0x0000020ff4fc9918]
Event: 8.977 Thread 0x0000020f8cb4aac0 2090       4       java.nio.Buffer::position (52 bytes)
Event: 8.978 Thread 0x0000020f8cb4aac0 nmethod 2090 0x0000020ff4fca010 code [0x0000020ff4fca180, 0x0000020ff4fca258]
Event: 8.979 Thread 0x0000020f8cb4aac0 2091       4       java.util.regex.Pattern::compile (500 bytes)
Event: 8.981 Thread 0x0000020fffd2e7f0 2092       3       java.awt.Component::processEvent (220 bytes)
Event: 8.982 Thread 0x0000020fffd2e7f0 nmethod 2092 0x0000020fede0e090 code [0x0000020fede0e380, 0x0000020fede10048]
Event: 8.986 Thread 0x0000020fffd2e7f0 2093       3       java.time.format.Parsed::isSupported (80 bytes)
Event: 8.986 Thread 0x0000020fffd2e7f0 nmethod 2093 0x0000020fede10310 code [0x0000020fede10500, 0x0000020fede10b58]
Event: 8.995 Thread 0x0000020fffd2e7f0 2095       3       java.time.format.DateTimeFormatterBuilder::appendText (33 bytes)
Event: 8.995 Thread 0x0000020fffd2e7f0 nmethod 2095 0x0000020fede10c90 code [0x0000020fede10ea0, 0x0000020fede11588]
Event: 9.008 Thread 0x0000020fffd2e7f0 2097       3       java.time.format.Parsed::resolveInstant (155 bytes)
Event: 9.009 Thread 0x0000020fffd2e7f0 nmethod 2097 0x0000020fede11810 code [0x0000020fede11aa0, 0x0000020fede123a8]
Event: 9.010 Thread 0x0000020fffd2e7f0 2100       3       java.io.FileOutputStream::write (20 bytes)
Event: 9.010 Thread 0x0000020fffd2e7f0 nmethod 2100 0x0000020fede12690 code [0x0000020fede12840, 0x0000020fede12a28]
Event: 9.010 Thread 0x0000020fffd2e7f0 2101       3       java.io.FileDescriptor$1::getAppend (5 bytes)
Event: 9.010 Thread 0x0000020fffd2e7f0 nmethod 2101 0x0000020fede12b90 code [0x0000020fede12d20, 0x0000020fede12e38]

GC Heap History (0 events):
No events

Deoptimization events (20 events):
Event: 9.033 Thread 0x0000020f855e51f0 DEOPT PACKING pc=0x0000020fedd8ea0f sp=0x00000020c833f130
Event: 9.033 Thread 0x0000020f855e51f0 DEOPT UNPACKING pc=0x0000020fed4b2b43 sp=0x00000020c833e678 mode 1
Event: 9.033 Thread 0x0000020f855e51f0 DEOPT PACKING pc=0x0000020fedd77d6c sp=0x00000020c833f260
Event: 9.033 Thread 0x0000020f855e51f0 DEOPT UNPACKING pc=0x0000020fed4b2b43 sp=0x00000020c833e760 mode 1
Event: 9.034 Thread 0x0000020f855e51f0 DEOPT PACKING pc=0x0000020fedd8ea0f sp=0x00000020c833f130
Event: 9.034 Thread 0x0000020f855e51f0 DEOPT UNPACKING pc=0x0000020fed4b2b43 sp=0x00000020c833e678 mode 1
Event: 9.034 Thread 0x0000020f855e51f0 DEOPT PACKING pc=0x0000020fedd77d6c sp=0x00000020c833f260
Event: 9.034 Thread 0x0000020f855e51f0 DEOPT UNPACKING pc=0x0000020fed4b2b43 sp=0x00000020c833e760 mode 1
Event: 9.034 Thread 0x0000020f855e51f0 DEOPT PACKING pc=0x0000020fedd8ea0f sp=0x00000020c833f130
Event: 9.034 Thread 0x0000020f855e51f0 DEOPT UNPACKING pc=0x0000020fed4b2b43 sp=0x00000020c833e678 mode 1
Event: 9.034 Thread 0x0000020f855e51f0 DEOPT PACKING pc=0x0000020fedd77d6c sp=0x00000020c833f260
Event: 9.034 Thread 0x0000020f855e51f0 DEOPT UNPACKING pc=0x0000020fed4b2b43 sp=0x00000020c833e760 mode 1
Event: 9.036 Thread 0x0000020f855e51f0 DEOPT PACKING pc=0x0000020fedd8ea0f sp=0x00000020c833f130
Event: 9.036 Thread 0x0000020f855e51f0 DEOPT UNPACKING pc=0x0000020fed4b2b43 sp=0x00000020c833e678 mode 1
Event: 9.036 Thread 0x0000020f855e51f0 DEOPT PACKING pc=0x0000020fedd77d6c sp=0x00000020c833f260
Event: 9.036 Thread 0x0000020f855e51f0 DEOPT UNPACKING pc=0x0000020fed4b2b43 sp=0x00000020c833e760 mode 1
Event: 9.036 Thread 0x0000020f855e51f0 DEOPT PACKING pc=0x0000020fedd8ea0f sp=0x00000020c833f130
Event: 9.036 Thread 0x0000020f855e51f0 DEOPT UNPACKING pc=0x0000020fed4b2b43 sp=0x00000020c833e678 mode 1
Event: 9.036 Thread 0x0000020f855e51f0 DEOPT PACKING pc=0x0000020fedd77d6c sp=0x00000020c833f260
Event: 9.036 Thread 0x0000020f855e51f0 DEOPT UNPACKING pc=0x0000020fed4b2b43 sp=0x00000020c833e760 mode 1

Classes unloaded (0 events):
No events

Classes redefined (0 events):
No events

Internal exceptions (17 events):
Event: 0.167 Thread 0x0000020fe5bff120 Exception <a 'java/lang/ClassNotFoundException'{0x0000000089237d70}: sun/awt/resources/spi/awtProvider> (0x0000000089237d70) 
thrown [t:\workspace\open\src\hotspot\share\classfile\systemDictionary.cpp, line 256]
Event: 0.197 Thread 0x0000020fe5bff120 Exception <a 'java/io/FileNotFoundException'{0x000000008910c0f0}> (0x000000008910c0f0) 
thrown [t:\workspace\open\src\hotspot\share\prims\jni.cpp, line 516]
Event: 0.203 Thread 0x0000020fe5bff120 Exception <a 'java/io/FileNotFoundException'{0x0000000089139080}> (0x0000000089139080) 
thrown [t:\workspace\open\src\hotspot\share\prims\jni.cpp, line 516]
Event: 0.249 Thread 0x0000020fe5bff120 Exception <a 'java/lang/NoSuchMethodError'{0x0000000089009d00}: 'java.lang.Object java.lang.invoke.DirectMethodHandle$Holder.invokeStaticInit(java.lang.Object)'> (0x0000000089009d00) 
thrown [t:\workspace\open\src\hotspot\share\interpreter\linkResolver.cpp, line 766]
Event: 0.418 Thread 0x0000020f84c7e890 Exception <a 'java/lang/NoSuchMethodError'{0x0000000088f338a0}: 'void java.lang.invoke.DirectMethodHandle$Holder.invokeSpecial(java.lang.Object, java.lang.Object, java.lang.Object)'> (0x0000000088f338a0) 
thrown [t:\workspace\open\src\hotspot\share\interpreter\linkResolver.cpp, line 766]
Event: 0.427 Thread 0x0000020f84c7e890 Exception <a 'java/lang/NoSuchMethodError'{0x0000000088f5db08}: 'java.lang.Object java.lang.invoke.DirectMethodHandle$Holder.newInvokeSpecial(java.lang.Object, java.lang.Object, java.lang.Object, java.lang.Object, java.lang.Object)'> (0x0000000088f5db08) 
thrown [t:\workspace\open\src\hotspot\share\interpreter\linkResolver.cpp, line 766]
Event: 0.429 Thread 0x0000020f84c7e890 Exception <a 'java/lang/NoSuchMethodError'{0x0000000088f694d0}: 'java.lang.Object java.lang.invoke.DirectMethodHandle$Holder.invokeStatic(java.lang.Object, int, java.lang.Object, java.lang.Object, java.lang.Object, java.lang.Object)'> (0x0000000088f694d0) 
thrown [t:\workspace\open\src\hotspot\share\interpreter\linkResolver.cpp, line 766]
Event: 0.433 Thread 0x0000020f84c7e890 Exception <a 'java/lang/NoSuchMethodError'{0x0000000088f8eee0}: 'java.lang.Object java.lang.invoke.DirectMethodHandle$Holder.invokeStatic(java.lang.Object, int, java.lang.Object)'> (0x0000000088f8eee0) 
thrown [t:\workspace\open\src\hotspot\share\interpreter\linkResolver.cpp, line 766]
Event: 0.460 Thread 0x0000020f84c7e890 Exception <a 'java/lang/ClassNotFoundException'{0x0000000088e46ea0}: com/sun/swing/internal/plaf/metal/resources/spi/metalProvider> (0x0000000088e46ea0) 
thrown [t:\workspace\open\src\hotspot\share\classfile\systemDictionary.cpp, line 256]
Event: 0.461 Thread 0x0000020f84c7e890 Exception <a 'java/lang/ClassNotFoundException'{0x0000000088e4ad48}: com/sun/swing/internal/plaf/basic/resources/spi/basicProvider> (0x0000000088e4ad48) 
thrown [t:\workspace\open\src\hotspot\share\classfile\systemDictionary.cpp, line 256]
Event: 0.495 Thread 0x0000020f855e7d40 Exception <a 'java/lang/NoSuchMethodError'{0x0000000088ef94a8}: 'java.lang.Object java.lang.invoke.DirectMethodHandle$Holder.newInvokeSpecial(java.lang.Object, java.lang.Object, java.lang.Object, int, int, int, int, int)'> (0x0000000088ef94a8) 
thrown [t:\workspace\open\src\hotspot\share\interpreter\linkResolver.cpp, line 766]
Event: 0.513 Thread 0x0000020f84c6e660 Exception <a 'java/lang/NoSuchMethodError'{0x0000000089085ba8}: 'void java.lang.invoke.DirectMethodHandle$Holder.invokeVirtual(java.lang.Object, java.lang.Object)'> (0x0000000089085ba8) 
thrown [t:\workspace\open\src\hotspot\share\interpreter\linkResolver.cpp, line 766]
Event: 0.526 Thread 0x0000020f84c7e890 Exception <a 'java/lang/NoSuchMethodError'{0x0000000088ed55d8}: 'void java.lang.invoke.DirectMethodHandle$Holder.invokeStaticInit(java.lang.Object)'> (0x0000000088ed55d8) 
thrown [t:\workspace\open\src\hotspot\share\interpreter\linkResolver.cpp, line 766]
Event: 4.255 Thread 0x0000020f84c7e890 Exception <a 'java/lang/NoSuchMethodError'{0x0000000088b03ea8}: 'void java.lang.invoke.DirectMethodHandle$Holder.invokeStatic(java.lang.Object, java.lang.Object, java.lang.Object)'> (0x0000000088b03ea8) 
thrown [t:\workspace\open\src\hotspot\share\interpreter\linkResolver.cpp, line 766]
Event: 4.256 Thread 0x0000020f84c7e890 Exception <a 'java/lang/NoSuchMethodError'{0x0000000088b0a4a8}: 'void java.lang.invoke.DirectMethodHandle$Holder.invokeStatic(java.lang.Object, java.lang.Object)'> (0x0000000088b0a4a8) 
thrown [t:\workspace\open\src\hotspot\share\interpreter\linkResolver.cpp, line 766]
Event: 4.685 Thread 0x0000020f84c7e890 Exception <a 'java/lang/NoSuchMethodError'{0x0000000088bb3f88}: 'int java.lang.invoke.DirectMethodHandle$Holder.invokeSpecial(java.lang.Object, java.lang.Object, java.lang.Object)'> (0x0000000088bb3f88) 
thrown [t:\workspace\open\src\hotspot\share\interpreter\linkResolver.cpp, line 766]
Event: 5.016 Thread 0x0000020f84c7e890 Exception <a 'java/lang/NoSuchMethodError'{0x0000000088909be0}: 'int java.lang.invoke.DirectMethodHandle$Holder.invokeStatic(java.lang.Object)'> (0x0000000088909be0) 
thrown [t:\workspace\open\src\hotspot\share\interpreter\linkResolver.cpp, line 766]

VM Operations (20 events):
Event: 8.815 Executing VM operation: ICBufferFull
Event: 8.815 Executing VM operation: ICBufferFull done
Event: 8.817 Executing VM operation: ICBufferFull
Event: 8.817 Executing VM operation: ICBufferFull done
Event: 8.818 Executing VM operation: ICBufferFull
Event: 8.818 Executing VM operation: ICBufferFull done
Event: 8.821 Executing VM operation: ICBufferFull
Event: 8.821 Executing VM operation: ICBufferFull done
Event: 8.825 Executing VM operation: ICBufferFull
Event: 8.825 Executing VM operation: ICBufferFull done
Event: 8.825 Executing VM operation: ICBufferFull
Event: 8.826 Executing VM operation: ICBufferFull done
Event: 8.826 Executing VM operation: ICBufferFull
Event: 8.826 Executing VM operation: ICBufferFull done
Event: 8.829 Executing VM operation: ICBufferFull
Event: 8.829 Executing VM operation: ICBufferFull done
Event: 8.831 Executing VM operation: ICBufferFull
Event: 8.831 Executing VM operation: ICBufferFull done
Event: 8.831 Executing VM operation: ICBufferFull
Event: 8.831 Executing VM operation: ICBufferFull done

Events (20 events):
Event: 8.642 loading class sun/text/resources/FormatData_en done
Event: 8.642 loading class sun/util/resources/LocaleData$2
Event: 8.642 loading class sun/util/resources/LocaleData$2 done
Event: 8.642 loading class sun/util/resources/LocaleData$SupplementaryStrategy
Event: 8.642 loading class sun/util/resources/LocaleData$SupplementaryStrategy done
Event: 8.642 loading class sun/text/resources/JavaTimeSupplementary
Event: 8.642 loading class sun/util/resources/OpenListResourceBundle
Event: 8.642 loading class sun/util/resources/OpenListResourceBundle done
Event: 8.642 loading class sun/text/resources/JavaTimeSupplementary done
Event: 8.643 loading class sun/text/resources/JavaTimeSupplementary_en
Event: 8.643 loading class sun/text/resources/JavaTimeSupplementary_en done
Event: 8.643 loading class sun/util/resources/ParallelListResourceBundle$KeySet
Event: 8.643 loading class sun/util/resources/ParallelListResourceBundle$KeySet done
Event: 8.644 loading class java/util/regex/Pattern$BnM
Event: 8.644 loading class java/util/regex/Pattern$BnM done
Event: 8.644 loading class java/util/regex/Pattern$SliceS
Event: 8.644 loading class java/util/regex/Pattern$SliceS done
Event: 8.645 loading class sun/util/locale/provider/CalendarDataUtility$CalendarFieldValueNameGetter
Event: 8.645 loading class sun/util/locale/provider/CalendarDataUtility$CalendarFieldValueNameGetter done
Event: 8.664 Thread 0x0000020f8cb4aac0 Thread added: 0x0000020f8cb4aac0


Dynamic libraries:
0x00007ff711110000 - 0x00007ff711120000 	C:\Program Files\Java\jdk-17.0.2\bin\java.exe
0x00007fffbf570000 - 0x00007fffbf765000 	C:\WINDOWS\SYSTEM32\ntdll.dll
0x00007fffbde30000 - 0x00007fffbdeee000 	C:\WINDOWS\System32\KERNEL32.DLL
0x00007fffbcd30000 - 0x00007fffbcff8000 	C:\WINDOWS\System32\KERNELBASE.dll
0x00007fffbd0d0000 - 0x00007fffbd1d0000 	C:\WINDOWS\System32\ucrtbase.dll
0x00007fffb4020000 - 0x00007fffb4038000 	C:\Program Files\Java\jdk-17.0.2\bin\jli.dll
0x00007fffb2480000 - 0x00007fffb249a000 	C:\Program Files\Java\jdk-17.0.2\bin\VCRUNTIME140.dll
0x00007fffbda60000 - 0x00007fffbdb0e000 	C:\WINDOWS\System32\ADVAPI32.dll
0x00007fffbe2a0000 - 0x00007fffbe33e000 	C:\WINDOWS\System32\msvcrt.dll
0x00007fffbe200000 - 0x00007fffbe29c000 	C:\WINDOWS\System32\sechost.dll
0x00007fffbe630000 - 0x00007fffbe755000 	C:\WINDOWS\System32\RPCRT4.dll
0x00007fffbdb70000 - 0x00007fffbdd10000 	C:\WINDOWS\System32\USER32.dll
0x00007fffa4b20000 - 0x00007fffa4dba000 	C:\WINDOWS\WinSxS\amd64_microsoft.windows.common-controls_6595b64144ccf1df_6.0.19041.1110_none_60b5254171f9507e\COMCTL32.dll
0x00007fffbd0a0000 - 0x00007fffbd0c2000 	C:\WINDOWS\System32\win32u.dll
0x00007fffbe400000 - 0x00007fffbe42b000 	C:\WINDOWS\System32\GDI32.dll
0x00007fffbd1d0000 - 0x00007fffbd2dd000 	C:\WINDOWS\System32\gdi32full.dll
0x00007fffbd2e0000 - 0x00007fffbd37d000 	C:\WINDOWS\System32\msvcp_win.dll
0x00007fffb5780000 - 0x00007fffb578a000 	C:\WINDOWS\SYSTEM32\VERSION.dll
0x00007fffbeeb0000 - 0x00007fffbeee0000 	C:\WINDOWS\System32\IMM32.DLL
0x00007fffb8520000 - 0x00007fffb852c000 	C:\Program Files\Java\jdk-17.0.2\bin\vcruntime140_1.dll
0x00007fff85460000 - 0x00007fff854ed000 	C:\Program Files\Java\jdk-17.0.2\bin\msvcp140.dll
0x00007fff6d070000 - 0x00007fff6dc31000 	C:\Program Files\Java\jdk-17.0.2\bin\server\jvm.dll
0x00007fffbf4f0000 - 0x00007fffbf4f8000 	C:\WINDOWS\System32\PSAPI.DLL
0x00007fffaadc0000 - 0x00007fffaade7000 	C:\WINDOWS\SYSTEM32\WINMM.dll
0x00007fffa0a80000 - 0x00007fffa0a89000 	C:\WINDOWS\SYSTEM32\WSOCK32.dll
0x00007fffbf420000 - 0x00007fffbf48b000 	C:\WINDOWS\System32\WS2_32.dll
0x00007fffbb4b0000 - 0x00007fffbb4c2000 	C:\WINDOWS\SYSTEM32\kernel.appcore.dll
0x00007fffb7d20000 - 0x00007fffb7d2a000 	C:\Program Files\Java\jdk-17.0.2\bin\jimage.dll
0x00007fffbaaf0000 - 0x00007fffbacd4000 	C:\WINDOWS\SYSTEM32\DBGHELP.DLL
0x00007fffa0530000 - 0x00007fffa055c000 	C:\WINDOWS\SYSTEM32\dbgcore.DLL
0x00007fffbcca0000 - 0x00007fffbcd22000 	C:\WINDOWS\System32\bcryptPrimitives.dll
0x00007fffb10b0000 - 0x00007fffb10eb000 	C:\Program Files\Java\jdk-17.0.2\bin\jdwp.dll
0x00007fffb2430000 - 0x00007fffb2455000 	C:\Program Files\Java\jdk-17.0.2\bin\java.dll
0x00007fff809e0000 - 0x00007fff80ab6000 	C:\Program Files\Java\jdk-17.0.2\bin\jsvml.dll
0x00007fffbe760000 - 0x00007fffbeea4000 	C:\WINDOWS\System32\SHELL32.dll
0x00007fffbad00000 - 0x00007fffbb494000 	C:\WINDOWS\SYSTEM32\windows.storage.dll
0x00007fffbd590000 - 0x00007fffbd8e5000 	C:\WINDOWS\System32\combase.dll
0x00007fffbc630000 - 0x00007fffbc65e000 	C:\WINDOWS\SYSTEM32\Wldp.dll
0x00007fffbe340000 - 0x00007fffbe3ed000 	C:\WINDOWS\System32\SHCORE.dll
0x00007fffbf490000 - 0x00007fffbf4e5000 	C:\WINDOWS\System32\shlwapi.dll
0x00007fffbcb90000 - 0x00007fffbcbaf000 	C:\WINDOWS\SYSTEM32\profapi.dll
0x00007fffb7100000 - 0x00007fffb710c000 	C:\Program Files\Java\jdk-17.0.2\bin\dt_socket.dll
0x00007fffbc020000 - 0x00007fffbc05b000 	C:\WINDOWS\SYSTEM32\IPHLPAPI.DLL
0x00007fffbc330000 - 0x00007fffbc39a000 	C:\WINDOWS\system32\mswsock.dll
0x00007fffbc060000 - 0x00007fffbc12b000 	C:\WINDOWS\SYSTEM32\DNSAPI.dll
0x00007fffbeee0000 - 0x00007fffbeee8000 	C:\WINDOWS\System32\NSI.dll
0x00007fffa5be0000 - 0x00007fffa5bea000 	C:\Windows\System32\rasadhlp.dll
0x00007fffa7900000 - 0x00007fffa797f000 	C:\WINDOWS\System32\fwpuclnt.dll
0x00007fffbd000000 - 0x00007fffbd027000 	C:\WINDOWS\System32\bcrypt.dll
0x00007fff80080000 - 0x00007fff8020f000 	C:\Program Files\Java\jdk-17.0.2\bin\awt.dll
0x00007fffbe430000 - 0x00007fffbe4fd000 	C:\WINDOWS\System32\OLEAUT32.dll
0x00007fffba1d0000 - 0x00007fffba260000 	C:\WINDOWS\SYSTEM32\apphelp.dll
0x00007fffb23a0000 - 0x00007fffb23b9000 	C:\Program Files\Java\jdk-17.0.2\bin\net.dll
0x00007fffaac80000 - 0x00007fffaad8c000 	C:\WINDOWS\SYSTEM32\WINHTTP.dll
0x00007fffb0fc0000 - 0x00007fffb0fd6000 	C:\Program Files\Java\jdk-17.0.2\bin\nio.dll
0x00007fffa6760000 - 0x00007fffa6778000 	C:\Program Files\Java\jdk-17.0.2\bin\zip.dll
0x00007fffba370000 - 0x00007fffba40e000 	C:\WINDOWS\system32\uxtheme.dll
0x00007fffbdd10000 - 0x00007fffbde26000 	C:\WINDOWS\System32\MSCTF.dll
0x00007fffbe500000 - 0x00007fffbe62a000 	C:\WINDOWS\System32\ole32.dll
0x00007fffba670000 - 0x00007fffba69f000 	C:\WINDOWS\system32\DWMAPI.DLL
0x00007fff90ab0000 - 0x00007fff90bd5000 	C:\WINDOWS\system32\opengl32.dll
0x00007fff99960000 - 0x00007fff9998c000 	C:\WINDOWS\SYSTEM32\GLU32.dll
0x00007fffaa500000 - 0x00007fffaa6d0000 	C:\WINDOWS\system32\d3d9.dll
0x00007fffb1730000 - 0x00007fffb1836000 	C:\WINDOWS\System32\DriverStore\FileRepository\nv_desktop_ref4i.inf_amd64_6ac872c5932b6bd5\nvldumdx.dll
0x00007fffbc7c0000 - 0x00007fffbc7d2000 	C:\WINDOWS\SYSTEM32\msasn1.dll
0x00007fffb56e0000 - 0x00007fffb5711000 	C:\WINDOWS\SYSTEM32\cryptnet.dll
0x00007fffbd380000 - 0x00007fffbd4d6000 	C:\WINDOWS\System32\CRYPT32.dll
0x00007fffafeb0000 - 0x00007fffafffa000 	C:\WINDOWS\SYSTEM32\drvstore.dll
0x00007fffbc980000 - 0x00007fffbc9b4000 	C:\WINDOWS\SYSTEM32\devobj.dll
0x00007fffbcc50000 - 0x00007fffbcc9e000 	C:\WINDOWS\System32\cfgmgr32.dll
0x00007fffbc540000 - 0x00007fffbc54c000 	C:\WINDOWS\SYSTEM32\cryptbase.dll
0x00007fffbd030000 - 0x00007fffbd099000 	C:\WINDOWS\System32\WINTRUST.DLL
0x00007fffbd8f0000 - 0x00007fffbd90d000 	C:\WINDOWS\System32\imagehlp.dll
0x00007fffbc520000 - 0x00007fffbc538000 	C:\WINDOWS\SYSTEM32\CRYPTSP.dll
0x00007fffbbc70000 - 0x00007fffbbca4000 	C:\WINDOWS\system32\rsaenh.dll
0x00007fff64ae0000 - 0x00007fff66390000 	C:\WINDOWS\System32\DriverStore\FileRepository\nv_desktop_ref4i.inf_amd64_6ac872c5932b6bd5\nvd3dumx.dll
0x00007fff8aca0000 - 0x00007fff8ae5d000 	C:\WINDOWS\system32\nvspcap64.dll
0x00007fffbb900000 - 0x00007fffbb933000 	C:\WINDOWS\SYSTEM32\ntmarta.dll
0x00007fffbb4d0000 - 0x00007fffbb4f3000 	C:\WINDOWS\SYSTEM32\gpapi.dll
0x00007fffb22a0000 - 0x00007fffb22db000 	C:\WINDOWS\SYSTEM32\dxcore.dll
0x00007fff85340000 - 0x00007fff853c9000 	C:\Program Files\Java\jdk-17.0.2\bin\freetype.dll
0x00007fff81790000 - 0x00007fff81838000 	C:\Program Files\Java\jdk-17.0.2\bin\fontmanager.dll
0x00007fff919b0000 - 0x00007fff91aa9000 	C:\WINDOWS\SYSTEM32\textinputframework.dll
0x00007fffb9d00000 - 0x00007fffba05e000 	C:\WINDOWS\System32\CoreUIComponents.dll
0x00007fffba060000 - 0x00007fffba152000 	C:\WINDOWS\System32\CoreMessaging.dll
0x00007fffb9520000 - 0x00007fffb9674000 	C:\WINDOWS\SYSTEM32\wintypes.dll
0x00007fffa5180000 - 0x00007fffa5230000 	C:\WINDOWS\WinSxS\amd64_microsoft.windows.common-controls_6595b64144ccf1df_5.82.19041.1110_none_792d1c772443f647\comctl32.dll
0x00007fffbf370000 - 0x00007fffbf419000 	C:\WINDOWS\System32\clbcatq.dll
0x00007fffb8310000 - 0x00007fffb8406000 	C:\WINDOWS\SYSTEM32\PROPSYS.dll
0x00007fff7f0a0000 - 0x00007fff7f0b7000 	C:\WINDOWS\system32\NetworkExplorer.dll
0x00007fffb85a0000 - 0x00007fffb85bd000 	C:\WINDOWS\SYSTEM32\MPR.dll
0x00007fffa4540000 - 0x00007fffa455d000 	C:\WINDOWS\System32\p9np.dll
0x00007fffb6b50000 - 0x00007fffb6b5b000 	C:\WINDOWS\System32\drprov.dll
0x00007fffbc5d0000 - 0x00007fffbc62a000 	C:\WINDOWS\System32\WINSTA.dll
0x00007fffa0290000 - 0x00007fffa02b1000 	C:\WINDOWS\System32\ntlanman.dll
0x00007fffa44c0000 - 0x00007fffa44de000 	C:\WINDOWS\System32\davclnt.dll
0x00007fffb6b10000 - 0x00007fffb6b1d000 	C:\WINDOWS\System32\DAVHLPR.dll
0x00007fffbbd00000 - 0x00007fffbbd19000 	C:\WINDOWS\System32\wkscli.dll
0x00007fffa0440000 - 0x00007fffa0452000 	C:\WINDOWS\SYSTEM32\cscapi.dll
0x00007fffbc130000 - 0x00007fffbc13c000 	C:\WINDOWS\System32\netutils.dll
0x00007fffa0210000 - 0x00007fffa0266000 	C:\Windows\System32\dlnashext.dll
0x00007fff826f0000 - 0x00007fff82754000 	C:\Windows\System32\PlayToDevice.dll
0x00007fff99b80000 - 0x00007fff99ba0000 	C:\Windows\System32\DevDispItemProvider.dll
0x00007fffb5bf0000 - 0x00007fffb5c75000 	C:\WINDOWS\System32\MMDevApi.dll
0x00007fff80670000 - 0x00007fff80711000 	C:\WINDOWS\system32\wpdshext.dll
0x00007fffa4970000 - 0x00007fffa4b19000 	C:\WINDOWS\WinSxS\amd64_microsoft.windows.gdiplus_6595b64144ccf1df_1.1.19041.1466_none_91a4907ccc87e3b8\gdiplus.dll
0x00007fffb7440000 - 0x00007fffb74e3000 	C:\Windows\System32\PortableDeviceApi.dll
0x00007fffbeef0000 - 0x00007fffbf362000 	C:\WINDOWS\System32\SETUPAPI.dll
0x00007fffb5910000 - 0x00007fffb5942000 	C:\Windows\System32\PortableDeviceTypes.dll
0x00007fff9e0e0000 - 0x00007fff9e117000 	C:\Windows\System32\EhStorShell.dll
0x00007fff95bc0000 - 0x00007fff95be6000 	C:\Windows\System32\EhStorAPI.dll
0x00007fffb8650000 - 0x00007fffb8664000 	C:\Windows\System32\WTSAPI32.dll
0x00007fffa67a0000 - 0x00007fffa67ad000 	C:\WINDOWS\SYSTEM32\LINKINFO.dll
0x00007fffaaa00000 - 0x00007fffaabeb000 	C:\WINDOWS\SYSTEM32\urlmon.dll
0x00007fffafbc0000 - 0x00007fffafe71000 	C:\WINDOWS\SYSTEM32\iertutil.dll
0x00007fffaad90000 - 0x00007fffaadb8000 	C:\WINDOWS\SYSTEM32\srvcli.dll
0x00007fffb6210000 - 0x00007fffb63c4000 	C:\WINDOWS\SYSTEM32\WindowsCodecs.dll
0x00007fffa9b80000 - 0x00007fffa9bbe000 	C:\WINDOWS\system32\dataexchange.dll
0x00007fffb8890000 - 0x00007fffb8af4000 	C:\WINDOWS\system32\d3d11.dll
0x00007fffb9680000 - 0x00007fffb9865000 	C:\WINDOWS\system32\dcomp.dll
0x00007fffbb500000 - 0x00007fffbb5f4000 	C:\WINDOWS\system32\dxgi.dll
0x00007fffb7190000 - 0x00007fffb7391000 	C:\WINDOWS\system32\twinapi.appcore.dll

dbghelp: loaded successfully - version: 4.0.5 - missing functions: none
symbol engine: initialized successfully - sym options: 0x614 - pdb path: .;C:\Program Files\Java\jdk-17.0.2\bin;C:\WINDOWS\SYSTEM32;C:\WINDOWS\WinSxS\amd64_microsoft.windows.common-controls_6595b64144ccf1df_6.0.19041.1110_none_60b5254171f9507e;C:\Program Files\Java\jdk-17.0.2\bin\server;C:\WINDOWS\System32\DriverStore\FileRepository\nv_desktop_ref4i.inf_amd64_6ac872c5932b6bd5;C:\WINDOWS\WinSxS\amd64_microsoft.windows.common-controls_6595b64144ccf1df_5.82.19041.1110_none_792d1c772443f647;C:\WINDOWS\WinSxS\amd64_microsoft.windows.gdiplus_6595b64144ccf1df_1.1.19041.1466_none_91a4907ccc87e3b8

VM Arguments:
jvm_args: -agentlib:jdwp=transport=dt_socket,server=n,suspend=y,address=localhost:65297 --enable-preview -XX:+ShowCodeDetailsInExceptionMessages 
java_command: com.margozzi.ancestry.Utility
java_class_path (initial): C:\Users\Dad\AppData\Roaming\Code\User\workspaceStorage\718fbfad39379f2325e702128a26ceea\redhat.java\jdt_ws\ancestry-utility_38c25759\bin;c:\src\ancestry-utility\lib\commons-codec-1.15.jar;c:\src\ancestry-utility\lib\commons-lang3-3.11.jar;c:\src\ancestry-utility\lib\lucene-analyzers-common-7.3.1.jar;c:\src\ancestry-utility\lib\commons-text-1.9.jar;c:\src\ancestry-utility\lib\fuzzy-matcher.jar;c:\src\ancestry-utility\lib\lucene-core-7.3.1.jar;c:\src\ancestry-utility\lib\commons-collections4-4.4.jar;c:\src\ancestry-utility\lib\slf4j-api-1.7.32.jar;c:\src\ancestry-utility\lib\fuzzy-matcher-1.2.0.jar
Launcher Type: SUN_STANDARD

[Global flags]
     intx CICompilerCount                          = 4                                         {product} {ergonomic}
     uint ConcGCThreads                            = 2                                         {product} {ergonomic}
     uint G1ConcRefinementThreads                  = 8                                         {product} {ergonomic}
   size_t G1HeapRegionSize                         = 1048576                                   {product} {ergonomic}
    uintx GCDrainStackTargetSize                   = 64                                        {product} {ergonomic}
   size_t InitialHeapSize                          = 134217728                                 {product} {ergonomic}
   size_t MarkStackSize                            = 4194304                                   {product} {ergonomic}
   size_t MaxHeapSize                              = 2126512128                                {product} {ergonomic}
   size_t MaxNewSize                               = 1275068416                                {product} {ergonomic}
   size_t MinHeapDeltaBytes                        = 1048576                                   {product} {ergonomic}
   size_t MinHeapSize                              = 8388608                                   {product} {ergonomic}
    uintx NonNMethodCodeHeapSize                   = 5839372                                {pd product} {ergonomic}
    uintx NonProfiledCodeHeapSize                  = 122909434                              {pd product} {ergonomic}
    uintx ProfiledCodeHeapSize                     = 122909434                              {pd product} {ergonomic}
    uintx ReservedCodeCacheSize                    = 251658240                              {pd product} {ergonomic}
     bool SegmentedCodeCache                       = true                                      {product} {ergonomic}
     bool ShowCodeDetailsInExceptionMessages       = true                                   {manageable} {command line}
   size_t SoftMaxHeapSize                          = 2126512128                             {manageable} {ergonomic}
     bool UseCompressedClassPointers               = true                           {product lp64_product} {ergonomic}
     bool UseCompressedOops                        = true                           {product lp64_product} {ergonomic}
     bool UseG1GC                                  = true                                      {product} {ergonomic}
     bool UseLargePagesIndividualAllocation        = false                                  {pd product} {ergonomic}

Logging:
Log output configuration:
 #0: stdout all=warning uptime,level,tags
 #1: stderr all=off uptime,level,tags

Environment Variables:
PATH=C:\Program Files\Common Files\Oracle\Java\javapath;C:\ProgramData\Oracle\Java\javapath;C:\Program Files (x86)\NVIDIA Corporation\PhysX\Common;C:\Program Files\Common Files\Microsoft Shared\Windows Live;C:\Program Files (x86)\Common Files\Microsoft Shared\Windows Live;c:\Program Files (x86)\Intel\iCLS Client\;c:\Program Files\Intel\iCLS Client\;C:\WINDOWS\system32;C:\WINDOWS;C:\WINDOWS\System32\Wbem;C:\WINDOWS\System32\WindowsPowerShell\v1.0\;C:\Program Files (x86)\Intel\OpenCL SDK\3.0\bin\x86;C:\Program Files (x86)\Intel\OpenCL SDK\3.0\bin\x64;c:\MinGw\bin;C:\Program Files (x86)\Java\jre7\bin;C:\Program Files (x86)\Intel\Intel(R) Management Engine Components\DAL;C:\Program Files\Intel\Intel(R) Management Engine Components\DAL;C:\Program Files (x86)\Intel\Intel(R) Management Engine Components\IPT;C:\Program Files\Intel\Intel(R) Management Engine Components\IPT;C:\Program Files (x86)\Windows Live\Shared;C:\Users\Dad\bin\Sencha\Cmd\6.5.0.180;C:\WINDOWS\System32\OpenSSH\;C:\Program Files\nodejs\;C:\Program Files\Git\cmd;C:\Program Files\Docker\Docker\resources\bin;C:\ProgramData\DockerDesktop\version-bin;C:\Users\Dad\AppData\Local\Microsoft\WindowsApps;C:\Users\Dad\AppData\Roaming\npm;C:\Users\Dad\AppData\Local\Programs\Microsoft VS Code\bin;C:\Users\Dad\AppData\Local\Google\Cloud SDK\google-cloud-sdk\bin;C:\apache-maven-3.8.4\bin;
USERNAME=Dad
LANG=en_US.UTF-8
OS=Windows_NT
PROCESSOR_IDENTIFIER=Intel64 Family 6 Model 60 Stepping 3, GenuineIntel



---------------  S Y S T E M  ---------------

OS:
 Windows 10 , 64 bit Build 19041 (10.0.19041.1503)
OS uptime: 5 days 4:24 hours
Hyper-V role detected

CPU: total 8 (initial active 8) (4 cores per cpu, 2 threads per core) family 6 model 60 stepping 3 microcode 0x27, cx8, cmov, fxsr, ht, mmx, sse, sse2, sse3, ssse3, sse4.1, sse4.2, popcnt, lzcnt, tsc, tscinvbit, avx, avx2, aes, erms, clmul, bmi1, bmi2, fma, vzeroupper, clflush, hv

Memory: 4k page, system-wide physical 8108M (764M free)
TotalPageFile size 32684M (AvailPageFile size 17M)
current process WorkingSet (physical memory assigned to process): 127M, peak: 127M
current process commit charge ("private bytes"): 287M, peak: 289M

vm_info: Java HotSpot(TM) 64-Bit Server VM (17.0.2+8-LTS-86) for windows-amd64 JRE (17.0.2+8-LTS-86), built on Dec  7 2021 21:51:03 by "mach5one" with MS VC++ 16.8 / 16.9 (VS2019)

END.
